<?xml version="1.0" encoding="UTF-8"?>
<testsuite name="com.example.demo.MyBootApplicationTests" time="0.003" tests="1" errors="1" skipped="0" failures="0">
  <properties>
[...]
</properties>
  <testcase name="contextLoads" classname="com.example.demo.MyBootApplicationTests" time="0.003">
    <error message="Failed to load ApplicationContext" type="java.lang.IllegalStateException">java.lang.IllegalStateException: Failed to load ApplicationContext
	at org.springframework.test.context.cache.DefaultCacheAwareContextLoaderDelegate.loadContext(DefaultCacheAwareContextLoaderDelegate.java:124)
	at org.springframework.test.context.support.DefaultTestContext.getApplicationContext(DefaultTestContext.java:83)
	at org.springframework.test.context.web.ServletTestExecutionListener.setUpRequestContextIfNecessary(ServletTestExecutionListener.java:189)
	at org.springframework.test.context.web.ServletTestExecutionListener.prepareTestInstance(ServletTestExecutionListener.java:131)
	at org.springframework.test.context.TestContextManager.prepareTestInstance(TestContextManager.java:230)
	at org.springframework.test.context.junit4.SpringJUnit4ClassRunner.createTest(SpringJUnit4ClassRunner.java:228)
	at org.springframework.test.context.junit4.SpringJUnit4ClassRunner$1.runReflectiveCall(SpringJUnit4ClassRunner.java:287)
	at org.junit.internal.runners.model.ReflectiveCallable.run(ReflectiveCallable.java:12)
	at org.springframework.test.context.junit4.SpringJUnit4ClassRunner.methodBlock(SpringJUnit4ClassRunner.java:289)
	at org.springframework.test.context.junit4.SpringJUnit4ClassRunner.runChild(SpringJUnit4ClassRunner.java:247)
	at org.springframework.test.context.junit4.SpringJUnit4ClassRunner.runChild(SpringJUnit4ClassRunner.java:94)
	at org.junit.runners.ParentRunner$3.run(ParentRunner.java:290)
	at org.junit.runners.ParentRunner$1.schedule(ParentRunner.java:71)
	at org.junit.runners.ParentRunner.runChildren(ParentRunner.java:288)
	at org.junit.runners.ParentRunner.access$000(ParentRunner.java:58)
	at org.junit.runners.ParentRunner$2.evaluate(ParentRunner.java:268)
	at org.springframework.test.context.junit4.statements.RunBeforeTestClassCallbacks.evaluate(RunBeforeTestClassCallbacks.java:61)
	at org.springframework.test.context.junit4.statements.RunAfterTestClassCallbacks.evaluate(RunAfterTestClassCallbacks.java:70)
	at org.junit.runners.ParentRunner.run(ParentRunner.java:363)
	at org.springframework.test.context.junit4.SpringJUnit4ClassRunner.run(SpringJUnit4ClassRunner.java:191)
	at org.apache.maven.surefire.junit4.JUnit4Provider.execute(JUnit4Provider.java:283)
	at org.apache.maven.surefire.junit4.JUnit4Provider.executeWithRerun(JUnit4Provider.java:173)
	at org.apache.maven.surefire.junit4.JUnit4Provider.executeTestSet(JUnit4Provider.java:153)
	at org.apache.maven.surefire.junit4.JUnit4Provider.invoke(JUnit4Provider.java:128)
	at org.apache.maven.surefire.booter.ForkedBooter.invokeProviderInSameClassLoader(ForkedBooter.java:203)
	at org.apache.maven.surefire.booter.ForkedBooter.runSuitesInProcess(ForkedBooter.java:155)
	at org.apache.maven.surefire.booter.ForkedBooter.main(ForkedBooter.java:103)
Caused by: org.springframework.beans.factory.BeanCreationException: Error creating bean with name 'dataSource' defined in class path resource [org/springframework/boot/autoconfigure/jdbc/DataSourceConfiguration$Tomcat.class]: Bean instantiation via factory method failed; nested exception is org.springframework.beans.BeanInstantiationException: Failed to instantiate [org.apache.tomcat.jdbc.pool.DataSource]: Factory method 'dataSource' threw exception; nested exception is java.lang.IllegalStateException: Cannot load driver class: com.mysql.jdbc.Driver
	at org.springframework.beans.factory.support.ConstructorResolver.instantiateUsingFactoryMethod(ConstructorResolver.java:599)
	at org.springframework.beans.factory.support.AbstractAutowireCapableBeanFactory.instantiateUsingFactoryMethod(AbstractAutowireCapableBeanFactory.java:1173)
	at org.springframework.beans.factory.support.AbstractAutowireCapableBeanFactory.createBeanInstance(AbstractAutowireCapableBeanFactory.java:1067)
	at org.springframework.beans.factory.support.AbstractAutowireCapableBeanFactory.doCreateBean(AbstractAutowireCapableBeanFactory.java:513)
	at org.springframework.beans.factory.support.AbstractAutowireCapableBeanFactory.createBean(AbstractAutowireCapableBeanFactory.java:483)
	at org.springframework.beans.factory.support.AbstractBeanFactory$1.getObject(AbstractBeanFactory.java:306)
	at org.springframework.beans.factory.support.DefaultSingletonBeanRegistry.getSingleton(DefaultSingletonBeanRegistry.java:230)
	at org.springframework.beans.factory.support.AbstractBeanFactory.doGetBean(AbstractBeanFactory.java:302)
	at org.springframework.beans.factory.support.AbstractBeanFactory.getBean(AbstractBeanFactory.java:197)
	at org.springframework.beans.factory.support.DefaultListableBeanFactory.preInstantiateSingletons(DefaultListableBeanFactory.java:761)
	at org.springframework.context.support.AbstractApplicationContext.finishBeanFactoryInitialization(AbstractApplicationContext.java:867)
	at org.springframework.context.support.AbstractApplicationContext.refresh(AbstractApplicationContext.java:543)
	at org.springframework.boot.SpringApplication.refresh(SpringApplication.java:693)
	at org.springframework.boot.SpringApplication.refreshContext(SpringApplication.java:360)
	at org.springframework.boot.SpringApplication.run(SpringApplication.java:303)
	at org.springframework.boot.test.context.SpringBootContextLoader.loadContext(SpringBootContextLoader.java:120)
	at org.springframework.test.context.cache.DefaultCacheAwareContextLoaderDelegate.loadContextInternal(DefaultCacheAwareContextLoaderDelegate.java:98)
	at org.springframework.test.context.cache.DefaultCacheAwareContextLoaderDelegate.loadContext(DefaultCacheAwareContextLoaderDelegate.java:116)
	at org.springframework.test.context.support.DefaultTestContext.getApplicationContext(DefaultTestContext.java:83)
	at org.springframework.test.context.web.ServletTestExecutionListener.setUpRequestContextIfNecessary(ServletTestExecutionListener.java:189)
	at org.springframework.test.context.web.ServletTestExecutionListener.prepareTestInstance(ServletTestExecutionListener.java:131)
	at org.springframework.test.context.TestContextManager.prepareTestInstance(TestContextManager.java:230)
	at org.springframework.test.context.junit4.SpringJUnit4ClassRunner.createTest(SpringJUnit4ClassRunner.java:228)
	at org.springframework.test.context.junit4.SpringJUnit4ClassRunner$1.runReflectiveCall(SpringJUnit4ClassRunner.java:287)
	at org.junit.internal.runners.model.ReflectiveCallable.run(ReflectiveCallable.java:12)
	at org.springframework.test.context.junit4.SpringJUnit4ClassRunner.methodBlock(SpringJUnit4ClassRunner.java:289)
	at org.springframework.test.context.junit4.SpringJUnit4ClassRunner.runChild(SpringJUnit4ClassRunner.java:247)
	at org.springframework.test.context.junit4.SpringJUnit4ClassRunner.runChild(SpringJUnit4ClassRunner.java:94)
	at org.junit.runners.ParentRunner$3.run(ParentRunner.java:290)
	at org.junit.runners.ParentRunner$1.schedule(ParentRunner.java:71)
	at org.junit.runners.ParentRunner.runChildren(ParentRunner.java:288)
	at org.junit.runners.ParentRunner.access$000(ParentRunner.java:58)
	at org.junit.runners.ParentRunner$2.evaluate(ParentRunner.java:268)
	at org.springframework.test.context.junit4.statements.RunBeforeTestClassCallbacks.evaluate(RunBeforeTestClassCallbacks.java:61)
	at org.springframework.test.context.junit4.statements.RunAfterTestClassCallbacks.evaluate(RunAfterTestClassCallbacks.java:70)
	at org.junit.runners.ParentRunner.run(ParentRunner.java:363)
	at org.springframework.test.context.junit4.SpringJUnit4ClassRunner.run(SpringJUnit4ClassRunner.java:191)
	at org.apache.maven.surefire.junit4.JUnit4Provider.execute(JUnit4Provider.java:283)
	at org.apache.maven.surefire.junit4.JUnit4Provider.executeWithRerun(JUnit4Provider.java:173)
	at org.apache.maven.surefire.junit4.JUnit4Provider.executeTestSet(JUnit4Provider.java:153)
	at org.apache.maven.surefire.junit4.JUnit4Provider.invoke(JUnit4Provider.java:128)
	at org.apache.maven.surefire.booter.ForkedBooter.invokeProviderInSameClassLoader(ForkedBooter.java:203)
	at org.apache.maven.surefire.booter.ForkedBooter.runSuitesInProcess(ForkedBooter.java:155)
	at org.apache.maven.surefire.booter.ForkedBooter.main(ForkedBooter.java:103)
Caused by: org.springframework.beans.BeanInstantiationException: Failed to instantiate [org.apache.tomcat.jdbc.pool.DataSource]: Factory method 'dataSource' threw exception; nested exception is java.lang.IllegalStateException: Cannot load driver class: com.mysql.jdbc.Driver
	at org.springframework.beans.factory.support.SimpleInstantiationStrategy.instantiate(SimpleInstantiationStrategy.java:189)
	at org.springframework.beans.factory.support.ConstructorResolver.instantiateUsingFactoryMethod(ConstructorResolver.java:588)
	at org.springframework.beans.factory.support.AbstractAutowireCapableBeanFactory.instantiateUsingFactoryMethod(AbstractAutowireCapableBeanFactory.java:1173)
	at org.springframework.beans.factory.support.AbstractAutowireCapableBeanFactory.createBeanInstance(AbstractAutowireCapableBeanFactory.java:1067)
	at org.springframework.beans.factory.support.AbstractAutowireCapableBeanFactory.doCreateBean(AbstractAutowireCapableBeanFactory.java:513)
	at org.springframework.beans.factory.support.AbstractAutowireCapableBeanFactory.createBean(AbstractAutowireCapableBeanFactory.java:483)
	at org.springframework.beans.factory.support.AbstractBeanFactory$1.getObject(AbstractBeanFactory.java:306)
	at org.springframework.beans.factory.support.DefaultSingletonBeanRegistry.getSingleton(DefaultSingletonBeanRegistry.java:230)
	at org.springframework.beans.factory.support.AbstractBeanFactory.doGetBean(AbstractBeanFactory.java:302)
	at org.springframework.beans.factory.support.AbstractBeanFactory.getBean(AbstractBeanFactory.java:197)
	at org.springframework.beans.factory.support.DefaultListableBeanFactory.preInstantiateSingletons(DefaultListableBeanFactory.java:761)
	at org.springframework.context.support.AbstractApplicationContext.finishBeanFactoryInitialization(AbstractApplicationContext.java:867)
	at org.springframework.context.support.AbstractApplicationContext.refresh(AbstractApplicationContext.java:543)
	at org.springframework.boot.SpringApplication.refresh(SpringApplication.java:693)
	at org.springframework.boot.SpringApplication.refreshContext(SpringApplication.java:360)
	at org.springframework.boot.SpringApplication.run(SpringApplication.java:303)
	at org.springframework.boot.test.context.SpringBootContextLoader.loadContext(SpringBootContextLoader.java:120)
	at org.springframework.test.context.cache.DefaultCacheAwareContextLoaderDelegate.loadContextInternal(DefaultCacheAwareContextLoaderDelegate.java:98)
	at org.springframework.test.context.cache.DefaultCacheAwareContextLoaderDelegate.loadContext(DefaultCacheAwareContextLoaderDelegate.java:116)
	at org.springframework.test.context.support.DefaultTestContext.getApplicationContext(DefaultTestContext.java:83)
	at org.springframework.test.context.web.ServletTestExecutionListener.setUpRequestContextIfNecessary(ServletTestExecutionListener.java:189)
	at org.springframework.test.context.web.ServletTestExecutionListener.prepareTestInstance(ServletTestExecutionListener.java:131)
	at org.springframework.test.context.TestContextManager.prepareTestInstance(TestContextManager.java:230)
	at org.springframework.test.context.junit4.SpringJUnit4ClassRunner.createTest(SpringJUnit4ClassRunner.java:228)
	at org.springframework.test.context.junit4.SpringJUnit4ClassRunner$1.runReflectiveCall(SpringJUnit4ClassRunner.java:287)
	at org.junit.internal.runners.model.ReflectiveCallable.run(ReflectiveCallable.java:12)
	at org.springframework.test.context.junit4.SpringJUnit4ClassRunner.methodBlock(SpringJUnit4ClassRunner.java:289)
	at org.springframework.test.context.junit4.SpringJUnit4ClassRunner.runChild(SpringJUnit4ClassRunner.java:247)
	at org.springframework.test.context.junit4.SpringJUnit4ClassRunner.runChild(SpringJUnit4ClassRunner.java:94)
	at org.junit.runners.ParentRunner$3.run(ParentRunner.java:290)
	at org.junit.runners.ParentRunner$1.schedule(ParentRunner.java:71)
	at org.junit.runners.ParentRunner.runChildren(ParentRunner.java:288)
	at org.junit.runners.ParentRunner.access$000(ParentRunner.java:58)
	at org.junit.runners.ParentRunner$2.evaluate(ParentRunner.java:268)
	at org.springframework.test.context.junit4.statements.RunBeforeTestClassCallbacks.evaluate(RunBeforeTestClassCallbacks.java:61)
	at org.springframework.test.context.junit4.statements.RunAfterTestClassCallbacks.evaluate(RunAfterTestClassCallbacks.java:70)
	at org.junit.runners.ParentRunner.run(ParentRunner.java:363)
	at org.springframework.test.context.junit4.SpringJUnit4ClassRunner.run(SpringJUnit4ClassRunner.java:191)
	at org.apache.maven.surefire.junit4.JUnit4Provider.execute(JUnit4Provider.java:283)
	at org.apache.maven.surefire.junit4.JUnit4Provider.executeWithRerun(JUnit4Provider.java:173)
	at org.apache.maven.surefire.junit4.JUnit4Provider.executeTestSet(JUnit4Provider.java:153)
	at org.apache.maven.surefire.junit4.JUnit4Provider.invoke(JUnit4Provider.java:128)
	at org.apache.maven.surefire.booter.ForkedBooter.invokeProviderInSameClassLoader(ForkedBooter.java:203)
	at org.apache.maven.surefire.booter.ForkedBooter.runSuitesInProcess(ForkedBooter.java:155)
	at org.apache.maven.surefire.booter.ForkedBooter.main(ForkedBooter.java:103)
Caused by: java.lang.IllegalStateException: Cannot load driver class: com.mysql.jdbc.Driver
	at org.springframework.util.Assert.state(Assert.java:70)
	at org.springframework.boot.autoconfigure.jdbc.DataSourceProperties.determineDriverClassName(DataSourceProperties.java:232)
	at org.springframework.boot.autoconfigure.jdbc.DataSourceProperties.initializeDataSourceBuilder(DataSourceProperties.java:184)
	at org.springframework.boot.autoconfigure.jdbc.DataSourceConfiguration.createDataSource(DataSourceConfiguration.java:42)
	at org.springframework.boot.autoconfigure.jdbc.DataSourceConfiguration$Tomcat.dataSource(DataSourceConfiguration.java:56)
	at sun.reflect.NativeMethodAccessorImpl.invoke0(Native Method)
	at sun.reflect.NativeMethodAccessorImpl.invoke(NativeMethodAccessorImpl.java:57)
	at sun.reflect.DelegatingMethodAccessorImpl.invoke(DelegatingMethodAccessorImpl.java:43)
	at java.lang.reflect.Method.invoke(Method.java:606)
	at org.springframework.beans.factory.support.SimpleInstantiationStrategy.instantiate(SimpleInstantiationStrategy.java:162)
	at org.springframework.beans.factory.support.ConstructorResolver.instantiateUsingFactoryMethod(ConstructorResolver.java:588)
	at org.springframework.beans.factory.support.AbstractAutowireCapableBeanFactory.instantiateUsingFactoryMethod(AbstractAutowireCapableBeanFactory.java:1173)
	at org.springframework.beans.factory.support.AbstractAutowireCapableBeanFactory.createBeanInstance(AbstractAutowireCapableBeanFactory.java:1067)
	at org.springframework.beans.factory.support.AbstractAutowireCapableBeanFactory.doCreateBean(AbstractAutowireCapableBeanFactory.java:513)
	at org.springframework.beans.factory.support.AbstractAutowireCapableBeanFactory.createBean(AbstractAutowireCapableBeanFactory.java:483)
	at org.springframework.beans.factory.support.AbstractBeanFactory$1.getObject(AbstractBeanFactory.java:306)
	at org.springframework.beans.factory.support.DefaultSingletonBeanRegistry.getSingleton(DefaultSingletonBeanRegistry.java:230)
	at org.springframework.beans.factory.support.AbstractBeanFactory.doGetBean(AbstractBeanFactory.java:302)
	at org.springframework.beans.factory.support.AbstractBeanFactory.getBean(AbstractBeanFactory.java:197)
	at org.springframework.beans.factory.support.DefaultListableBeanFactory.preInstantiateSingletons(DefaultListableBeanFactory.java:761)
	at org.springframework.context.support.AbstractApplicationContext.finishBeanFactoryInitialization(AbstractApplicationContext.java:867)
	at org.springframework.context.support.AbstractApplicationContext.refresh(AbstractApplicationContext.java:543)
	at org.springframework.boot.SpringApplication.refresh(SpringApplication.java:693)
	at org.springframework.boot.SpringApplication.refreshContext(SpringApplication.java:360)
	at org.springframework.boot.SpringApplication.run(SpringApplication.java:303)
	at org.springframework.boot.test.context.SpringBootContextLoader.loadContext(SpringBootContextLoader.java:120)
	at org.springframework.test.context.cache.DefaultCacheAwareContextLoaderDelegate.loadContextInternal(DefaultCacheAwareContextLoaderDelegate.java:98)
	at org.springframework.test.context.cache.DefaultCacheAwareContextLoaderDelegate.loadContext(DefaultCacheAwareContextLoaderDelegate.java:116)
	at org.springframework.test.context.support.DefaultTestContext.getApplicationContext(DefaultTestContext.java:83)
	at org.springframework.test.context.web.ServletTestExecutionListener.setUpRequestContextIfNecessary(ServletTestExecutionListener.java:189)
	at org.springframework.test.context.web.ServletTestExecutionListener.prepareTestInstance(ServletTestExecutionListener.java:131)
	at org.springframework.test.context.TestContextManager.prepareTestInstance(TestContextManager.java:230)
	at org.springframework.test.context.junit4.SpringJUnit4ClassRunner.createTest(SpringJUnit4ClassRunner.java:228)
	at org.springframework.test.context.junit4.SpringJUnit4ClassRunner$1.runReflectiveCall(SpringJUnit4ClassRunner.java:287)
	at org.junit.internal.runners.model.ReflectiveCallable.run(ReflectiveCallable.java:12)
	at org.springframework.test.context.junit4.SpringJUnit4ClassRunner.methodBlock(SpringJUnit4ClassRunner.java:289)
	at org.springframework.test.context.junit4.SpringJUnit4ClassRunner.runChild(SpringJUnit4ClassRunner.java:247)
	at org.springframework.test.context.junit4.SpringJUnit4ClassRunner.runChild(SpringJUnit4ClassRunner.java:94)
	at org.junit.runners.ParentRunner$3.run(ParentRunner.java:290)
	at org.junit.runners.ParentRunner$1.schedule(ParentRunner.java:71)
	at org.junit.runners.ParentRunner.runChildren(ParentRunner.java:288)
	at org.junit.runners.ParentRunner.access$000(ParentRunner.java:58)
	at org.junit.runners.ParentRunner$2.evaluate(ParentRunner.java:268)
	at org.springframework.test.context.junit4.statements.RunBeforeTestClassCallbacks.evaluate(RunBeforeTestClassCallbacks.java:61)
	at org.springframework.test.context.junit4.statements.RunAfterTestClassCallbacks.evaluate(RunAfterTestClassCallbacks.java:70)
	at org.junit.runners.ParentRunner.run(ParentRunner.java:363)
	at org.springframework.test.context.junit4.SpringJUnit4ClassRunner.run(SpringJUnit4ClassRunner.java:191)
	at org.apache.maven.surefire.junit4.JUnit4Provider.execute(JUnit4Provider.java:283)
	at org.apache.maven.surefire.junit4.JUnit4Provider.executeWithRerun(JUnit4Provider.java:173)
	at org.apache.maven.surefire.junit4.JUnit4Provider.executeTestSet(JUnit4Provider.java:153)
	at org.apache.maven.surefire.junit4.JUnit4Provider.invoke(JUnit4Provider.java:128)
	at org.apache.maven.surefire.booter.ForkedBooter.invokeProviderInSameClassLoader(ForkedBooter.java:203)
	at org.apache.maven.surefire.booter.ForkedBooter.runSuitesInProcess(ForkedBooter.java:155)
	at org.apache.maven.surefire.booter.ForkedBooter.main(ForkedBooter.java:103)
</error>
    <system-out><![CDATA[20:31:47.181 [main] DEBUG org.springframework.test.context.junit4.SpringJUnit4ClassRunner - SpringJUnit4ClassRunner constructor called with [class com.example.demo.MyBootApplicationTests]
20:31:47.221 [main] DEBUG org.springframework.test.context.BootstrapUtils - Instantiating CacheAwareContextLoaderDelegate from class [org.springframework.test.context.cache.DefaultCacheAwareContextLoaderDelegate]
20:31:47.241 [main] DEBUG org.springframework.test.context.BootstrapUtils - Instantiating BootstrapContext using constructor [public org.springframework.test.context.support.DefaultBootstrapContext(java.lang.Class,org.springframework.test.context.CacheAwareContextLoaderDelegate)]
20:31:47.274 [main] DEBUG org.springframework.test.context.BootstrapUtils - Instantiating TestContextBootstrapper for test class [com.example.demo.MyBootApplicationTests] from class [org.springframework.boot.test.context.SpringBootTestContextBootstrapper]
20:31:47.304 [main] INFO org.springframework.boot.test.context.SpringBootTestContextBootstrapper - Neither @ContextConfiguration nor @ContextHierarchy found for test class [com.example.demo.MyBootApplicationTests], using SpringBootContextLoader
20:31:47.309 [main] DEBUG org.springframework.test.context.support.AbstractContextLoader - Did not detect default resource location for test class [com.example.demo.MyBootApplicationTests]: class path resource [com/example/demo/MyBootApplicationTests-context.xml] does not exist
20:31:47.310 [main] DEBUG org.springframework.test.context.support.AbstractContextLoader - Did not detect default resource location for test class [com.example.demo.MyBootApplicationTests]: class path resource [com/example/demo/MyBootApplicationTestsContext.groovy] does not exist
20:31:47.310 [main] INFO org.springframework.test.context.support.AbstractContextLoader - Could not detect default resource locations for test class [com.example.demo.MyBootApplicationTests]: no resource found for suffixes {-context.xml, Context.groovy}.
20:31:47.311 [main] INFO org.springframework.test.context.support.AnnotationConfigContextLoaderUtils - Could not detect default configuration classes for test class [com.example.demo.MyBootApplicationTests]: MyBootApplicationTests does not declare any static, non-private, non-final, nested classes annotated with @Configuration.
20:31:47.394 [main] DEBUG org.springframework.test.context.support.ActiveProfilesUtils - Could not find an 'annotation declaring class' for annotation type [org.springframework.test.context.ActiveProfiles] and class [com.example.demo.MyBootApplicationTests]
20:31:47.420 [main] DEBUG org.springframework.core.env.StandardEnvironment - Adding PropertySource 'systemProperties' with lowest search precedence
20:31:47.422 [main] DEBUG org.springframework.core.env.StandardEnvironment - Adding PropertySource 'systemEnvironment' with lowest search precedence
20:31:47.423 [main] DEBUG org.springframework.core.env.StandardEnvironment - Initialized StandardEnvironment with PropertySources [MapPropertySource@968846253 {name='systemProperties', properties={java.runtime.name=Java(TM) SE Runtime Environment, sun.boot.library.path=D:\Java\jdk1.7.0_45\jre\bin, java.vm.version=24.45-b08, java.vm.vendor=Oracle Corporation, java.vendor.url=http://java.oracle.com/, path.separator=;, java.vm.name=Java HotSpot(TM) 64-Bit Server VM, file.encoding.pkg=sun.io, user.country=CN, user.script=, sun.java.launcher=SUN_STANDARD, sun.os.patch.level=, java.vm.specification.name=Java Virtual Machine Specification, user.dir=D:\Programming Tools\workspaceOfeclipse4.7\MyBoot, java.runtime.version=1.7.0_45-b18, basedir=D:\Programming Tools\workspaceOfeclipse4.7\MyBoot, java.awt.graphicsenv=sun.awt.Win32GraphicsEnvironment, java.endorsed.dirs=D:\Java\jdk1.7.0_45\jre\lib\endorsed, os.arch=amd64, surefire.real.class.path=D:\Programming Tools\workspaceOfeclipse4.7\MyBoot\target\surefire\surefirebooter4843438083004429565.jar, java.io.tmpdir=C:\Users\huqing\AppData\Local\Temp\, line.separator=
, java.vm.specification.vendor=Oracle Corporation, user.variant=, os.name=Windows 8, sun.jnu.encoding=GBK, java.library.path=D:\Java\jdk1.7.0_45\jre\bin;C:\WINDOWS\Sun\Java\bin;C:\WINDOWS\system32;C:\WINDOWS;D:/Java/jre1.8.0_144/bin/server;D:/Java/jre1.8.0_144/bin;D:/Java/jre1.8.0_144/lib/amd64;C:\ProgramData\Oracle\Java\javapath;C:\Program Files (x86)\Intel\iCLS Client\;C:\Program Files\Intel\iCLS Client\;C:\WINDOWS\system32;C:\WINDOWS;C:\WINDOWS\System32\Wbem;C:\WINDOWS\System32\WindowsPowerShell\v1.0\;C:\Program Files\Intel\Intel(R) Management Engine Components\DAL;C:\Program Files\Intel\Intel(R) Management Engine Components\IPT;C:\Program Files (x86)\Intel\Intel(R) Management Engine Components\DAL;C:\Program Files (x86)\Intel\Intel(R) Management Engine Components\IPT;C:\Program Files\nodejs\;C:\Program Files (x86)\NVIDIA Corporation\PhysX\Common;C:\WINDOWS\system32;C:\WINDOWS;C:\WINDOWS\System32\Wbem;C:\WINDOWS\System32\WindowsPowerShell\v1.0\;D:\MySQL\bin;D:\oraclexe\app\oracle\product\10.2.0\server\bin;D:\Java\sdk\tools;D:\Java\Tools\TortoiseSVN\bin;D:\Java\jdk1.7.0_45\bin;D:\Java\Tools\apache-maven-3.5.0\bin\;D:\Java\sdk\platform-tools;C:\Users\huqing\AppData\Roaming\npm;C:\Users\huqing\AppData\Local\Microsoft\WindowsApps;D:\Java\m2\repository;;D:\Programming Tools\eclipse_4.7;;., surefire.test.class.path=D:\Programming Tools\workspaceOfeclipse4.7\MyBoot\target\test-classes;D:\Programming Tools\workspaceOfeclipse4.7\MyBoot\target\classes;D:\Java\m2\repository\org\springframework\boot\spring-boot-starter-web\1.5.8.RELEASE\spring-boot-starter-web-1.5.8.RELEASE.jar;D:\Java\m2\repository\org\springframework\boot\spring-boot-starter\1.5.8.RELEASE\spring-boot-starter-1.5.8.RELEASE.jar;D:\Java\m2\repository\org\springframework\boot\spring-boot\1.5.8.RELEASE\spring-boot-1.5.8.RELEASE.jar;D:\Java\m2\repository\org\springframework\boot\spring-boot-autoconfigure\1.5.8.RELEASE\spring-boot-autoconfigure-1.5.8.RELEASE.jar;D:\Java\m2\repository\org\springframework\boot\spring-boot-starter-logging\1.5.8.RELEASE\spring-boot-starter-logging-1.5.8.RELEASE.jar;D:\Java\m2\repository\ch\qos\logback\logback-classic\1.1.11\logback-classic-1.1.11.jar;D:\Java\m2\repository\ch\qos\logback\logback-core\1.1.11\logback-core-1.1.11.jar;D:\Java\m2\repository\org\slf4j\jcl-over-slf4j\1.7.25\jcl-over-slf4j-1.7.25.jar;D:\Java\m2\repository\org\slf4j\jul-to-slf4j\1.7.25\jul-to-slf4j-1.7.25.jar;D:\Java\m2\repository\org\slf4j\log4j-over-slf4j\1.7.25\log4j-over-slf4j-1.7.25.jar;D:\Java\m2\repository\org\yaml\snakeyaml\1.17\snakeyaml-1.17.jar;D:\Java\m2\repository\org\springframework\boot\spring-boot-starter-tomcat\1.5.8.RELEASE\spring-boot-starter-tomcat-1.5.8.RELEASE.jar;D:\Java\m2\repository\org\apache\tomcat\embed\tomcat-embed-core\8.5.23\tomcat-embed-core-8.5.23.jar;D:\Java\m2\repository\org\apache\tomcat\tomcat-annotations-api\8.5.23\tomcat-annotations-api-8.5.23.jar;D:\Java\m2\repository\org\apache\tomcat\embed\tomcat-embed-el\8.5.23\tomcat-embed-el-8.5.23.jar;D:\Java\m2\repository\org\apache\tomcat\embed\tomcat-embed-websocket\8.5.23\tomcat-embed-websocket-8.5.23.jar;D:\Java\m2\repository\org\hibernate\hibernate-validator\5.3.5.Final\hibernate-validator-5.3.5.Final.jar;D:\Java\m2\repository\com\fasterxml\jackson\core\jackson-databind\2.8.10\jackson-databind-2.8.10.jar;D:\Java\m2\repository\com\fasterxml\jackson\core\jackson-annotations\2.8.0\jackson-annotations-2.8.0.jar;D:\Java\m2\repository\com\fasterxml\jackson\core\jackson-core\2.8.10\jackson-core-2.8.10.jar;D:\Java\m2\repository\org\springframework\spring-web\4.3.12.RELEASE\spring-web-4.3.12.RELEASE.jar;D:\Java\m2\repository\org\springframework\spring-aop\4.3.12.RELEASE\spring-aop-4.3.12.RELEASE.jar;D:\Java\m2\repository\org\springframework\spring-beans\4.3.12.RELEASE\spring-beans-4.3.12.RELEASE.jar;D:\Java\m2\repository\org\springframework\spring-context\4.3.12.RELEASE\spring-context-4.3.12.RELEASE.jar;D:\Java\m2\repository\org\springframework\spring-webmvc\4.3.12.RELEASE\spring-webmvc-4.3.12.RELEASE.jar;D:\Java\m2\repository\org\springframework\spring-expression\4.3.12.RELEASE\spring-expression-4.3.12.RELEASE.jar;D:\Java\m2\repository\org\springframework\boot\spring-boot-starter-test\1.5.8.RELEASE\spring-boot-starter-test-1.5.8.RELEASE.jar;D:\Java\m2\repository\org\springframework\boot\spring-boot-test\1.5.8.RELEASE\spring-boot-test-1.5.8.RELEASE.jar;D:\Java\m2\repository\org\springframework\boot\spring-boot-test-autoconfigure\1.5.8.RELEASE\spring-boot-test-autoconfigure-1.5.8.RELEASE.jar;D:\Java\m2\repository\com\jayway\jsonpath\json-path\2.2.0\json-path-2.2.0.jar;D:\Java\m2\repository\net\minidev\json-smart\2.2.1\json-smart-2.2.1.jar;D:\Java\m2\repository\org\slf4j\slf4j-api\1.7.25\slf4j-api-1.7.25.jar;D:\Java\m2\repository\junit\junit\4.12\junit-4.12.jar;D:\Java\m2\repository\org\assertj\assertj-core\2.6.0\assertj-core-2.6.0.jar;D:\Java\m2\repository\org\mockito\mockito-core\1.10.19\mockito-core-1.10.19.jar;D:\Java\m2\repository\org\objenesis\objenesis\2.1\objenesis-2.1.jar;D:\Java\m2\repository\org\hamcrest\hamcrest-core\1.3\hamcrest-core-1.3.jar;D:\Java\m2\repository\org\hamcrest\hamcrest-library\1.3\hamcrest-library-1.3.jar;D:\Java\m2\repository\org\skyscreamer\jsonassert\1.4.0\jsonassert-1.4.0.jar;D:\Java\m2\repository\com\vaadin\external\google\android-json\0.0.20131108.vaadin1\android-json-0.0.20131108.vaadin1.jar;D:\Java\m2\repository\org\springframework\spring-core\4.3.12.RELEASE\spring-core-4.3.12.RELEASE.jar;D:\Java\m2\repository\org\springframework\spring-test\4.3.12.RELEASE\spring-test-4.3.12.RELEASE.jar;D:\Java\m2\repository\mysql\mysql-connector-java\5.1.44\mysql-connector-java-5.1.44.jar;D:\Java\m2\repository\org\springframework\boot\spring-boot-starter-jdbc\1.5.8.RELEASE\spring-boot-starter-jdbc-1.5.8.RELEASE.jar;D:\Java\m2\repository\org\apache\tomcat\tomcat-jdbc\8.5.23\tomcat-jdbc-8.5.23.jar;D:\Java\m2\repository\org\apache\tomcat\tomcat-juli\8.5.23\tomcat-juli-8.5.23.jar;D:\Java\m2\repository\org\springframework\spring-jdbc\4.3.12.RELEASE\spring-jdbc-4.3.12.RELEASE.jar;D:\Java\m2\repository\org\springframework\spring-tx\4.3.12.RELEASE\spring-tx-4.3.12.RELEASE.jar;D:\Java\m2\repository\org\mybatis\spring\boot\mybatis-spring-boot-starter\1.3.1\mybatis-spring-boot-starter-1.3.1.jar;D:\Java\m2\repository\org\mybatis\spring\boot\mybatis-spring-boot-autoconfigure\1.3.1\mybatis-spring-boot-autoconfigure-1.3.1.jar;D:\Java\m2\repository\org\mybatis\mybatis\3.4.5\mybatis-3.4.5.jar;D:\Java\m2\repository\org\mybatis\mybatis-spring\1.3.1\mybatis-spring-1.3.1.jar;, java.specification.name=Java Platform API Specification, java.class.version=51.0, sun.management.compiler=HotSpot 64-Bit Tiered Compilers, os.version=6.2, user.home=C:\Users\huqing, user.timezone=Asia/Shanghai, java.awt.printerjob=sun.awt.windows.WPrinterJob, file.encoding=GBK, java.specification.version=1.7, java.class.path=D:\Programming Tools\workspaceOfeclipse4.7\MyBoot\target\test-classes;D:\Programming Tools\workspaceOfeclipse4.7\MyBoot\target\classes;D:\Java\m2\repository\org\springframework\boot\spring-boot-starter-web\1.5.8.RELEASE\spring-boot-starter-web-1.5.8.RELEASE.jar;D:\Java\m2\repository\org\springframework\boot\spring-boot-starter\1.5.8.RELEASE\spring-boot-starter-1.5.8.RELEASE.jar;D:\Java\m2\repository\org\springframework\boot\spring-boot\1.5.8.RELEASE\spring-boot-1.5.8.RELEASE.jar;D:\Java\m2\repository\org\springframework\boot\spring-boot-autoconfigure\1.5.8.RELEASE\spring-boot-autoconfigure-1.5.8.RELEASE.jar;D:\Java\m2\repository\org\springframework\boot\spring-boot-starter-logging\1.5.8.RELEASE\spring-boot-starter-logging-1.5.8.RELEASE.jar;D:\Java\m2\repository\ch\qos\logback\logback-classic\1.1.11\logback-classic-1.1.11.jar;D:\Java\m2\repository\ch\qos\logback\logback-core\1.1.11\logback-core-1.1.11.jar;D:\Java\m2\repository\org\slf4j\jcl-over-slf4j\1.7.25\jcl-over-slf4j-1.7.25.jar;D:\Java\m2\repository\org\slf4j\jul-to-slf4j\1.7.25\jul-to-slf4j-1.7.25.jar;D:\Java\m2\repository\org\slf4j\log4j-over-slf4j\1.7.25\log4j-over-slf4j-1.7.25.jar;D:\Java\m2\repository\org\yaml\snakeyaml\1.17\snakeyaml-1.17.jar;D:\Java\m2\repository\org\springframework\boot\spring-boot-starter-tomcat\1.5.8.RELEASE\spring-boot-starter-tomcat-1.5.8.RELEASE.jar;D:\Java\m2\repository\org\apache\tomcat\embed\tomcat-embed-core\8.5.23\tomcat-embed-core-8.5.23.jar;D:\Java\m2\repository\org\apache\tomcat\tomcat-annotations-api\8.5.23\tomcat-annotations-api-8.5.23.jar;D:\Java\m2\repository\org\apache\tomcat\embed\tomcat-embed-el\8.5.23\tomcat-embed-el-8.5.23.jar;D:\Java\m2\repository\org\apache\tomcat\embed\tomcat-embed-websocket\8.5.23\tomcat-embed-websocket-8.5.23.jar;D:\Java\m2\repository\org\hibernate\hibernate-validator\5.3.5.Final\hibernate-validator-5.3.5.Final.jar;D:\Java\m2\repository\com\fasterxml\jackson\core\jackson-databind\2.8.10\jackson-databind-2.8.10.jar;D:\Java\m2\repository\com\fasterxml\jackson\core\jackson-annotations\2.8.0\jackson-annotations-2.8.0.jar;D:\Java\m2\repository\com\fasterxml\jackson\core\jackson-core\2.8.10\jackson-core-2.8.10.jar;D:\Java\m2\repository\org\springframework\spring-web\4.3.12.RELEASE\spring-web-4.3.12.RELEASE.jar;D:\Java\m2\repository\org\springframework\spring-aop\4.3.12.RELEASE\spring-aop-4.3.12.RELEASE.jar;D:\Java\m2\repository\org\springframework\spring-beans\4.3.12.RELEASE\spring-beans-4.3.12.RELEASE.jar;D:\Java\m2\repository\org\springframework\spring-context\4.3.12.RELEASE\spring-context-4.3.12.RELEASE.jar;D:\Java\m2\repository\org\springframework\spring-webmvc\4.3.12.RELEASE\spring-webmvc-4.3.12.RELEASE.jar;D:\Java\m2\repository\org\springframework\spring-expression\4.3.12.RELEASE\spring-expression-4.3.12.RELEASE.jar;D:\Java\m2\repository\org\springframework\boot\spring-boot-starter-test\1.5.8.RELEASE\spring-boot-starter-test-1.5.8.RELEASE.jar;D:\Java\m2\repository\org\springframework\boot\spring-boot-test\1.5.8.RELEASE\spring-boot-test-1.5.8.RELEASE.jar;D:\Java\m2\repository\org\springframework\boot\spring-boot-test-autoconfigure\1.5.8.RELEASE\spring-boot-test-autoconfigure-1.5.8.RELEASE.jar;D:\Java\m2\repository\com\jayway\jsonpath\json-path\2.2.0\json-path-2.2.0.jar;D:\Java\m2\repository\net\minidev\json-smart\2.2.1\json-smart-2.2.1.jar;D:\Java\m2\repository\org\slf4j\slf4j-api\1.7.25\slf4j-api-1.7.25.jar;D:\Java\m2\repository\junit\junit\4.12\junit-4.12.jar;D:\Java\m2\repository\org\assertj\assertj-core\2.6.0\assertj-core-2.6.0.jar;D:\Java\m2\repository\org\mockito\mockito-core\1.10.19\mockito-core-1.10.19.jar;D:\Java\m2\repository\org\objenesis\objenesis\2.1\objenesis-2.1.jar;D:\Java\m2\repository\org\hamcrest\hamcrest-core\1.3\hamcrest-core-1.3.jar;D:\Java\m2\repository\org\hamcrest\hamcrest-library\1.3\hamcrest-library-1.3.jar;D:\Java\m2\repository\org\skyscreamer\jsonassert\1.4.0\jsonassert-1.4.0.jar;D:\Java\m2\repository\com\vaadin\external\google\android-json\0.0.20131108.vaadin1\android-json-0.0.20131108.vaadin1.jar;D:\Java\m2\repository\org\springframework\spring-core\4.3.12.RELEASE\spring-core-4.3.12.RELEASE.jar;D:\Java\m2\repository\org\springframework\spring-test\4.3.12.RELEASE\spring-test-4.3.12.RELEASE.jar;D:\Java\m2\repository\mysql\mysql-connector-java\5.1.44\mysql-connector-java-5.1.44.jar;D:\Java\m2\repository\org\springframework\boot\spring-boot-starter-jdbc\1.5.8.RELEASE\spring-boot-starter-jdbc-1.5.8.RELEASE.jar;D:\Java\m2\repository\org\apache\tomcat\tomcat-jdbc\8.5.23\tomcat-jdbc-8.5.23.jar;D:\Java\m2\repository\org\apache\tomcat\tomcat-juli\8.5.23\tomcat-juli-8.5.23.jar;D:\Java\m2\repository\org\springframework\spring-jdbc\4.3.12.RELEASE\spring-jdbc-4.3.12.RELEASE.jar;D:\Java\m2\repository\org\springframework\spring-tx\4.3.12.RELEASE\spring-tx-4.3.12.RELEASE.jar;D:\Java\m2\repository\org\mybatis\spring\boot\mybatis-spring-boot-starter\1.3.1\mybatis-spring-boot-starter-1.3.1.jar;D:\Java\m2\repository\org\mybatis\spring\boot\mybatis-spring-boot-autoconfigure\1.3.1\mybatis-spring-boot-autoconfigure-1.3.1.jar;D:\Java\m2\repository\org\mybatis\mybatis\3.4.5\mybatis-3.4.5.jar;D:\Java\m2\repository\org\mybatis\mybatis-spring\1.3.1\mybatis-spring-1.3.1.jar;, user.name=hu  qing, java.vm.specification.version=1.7, sun.java.command=D:\Programming Tools\workspaceOfeclipse4.7\MyBoot\target\surefire\surefirebooter4843438083004429565.jar D:\Programming Tools\workspaceOfeclipse4.7\MyBoot\target\surefire\surefire3602839581630067384tmp D:\Programming Tools\workspaceOfeclipse4.7\MyBoot\target\surefire\surefire_06054477342746839625tmp, java.home=D:\Java\jdk1.7.0_45\jre, sun.arch.data.model=64, user.language=zh, java.specification.vendor=Oracle Corporation, awt.toolkit=sun.awt.windows.WToolkit, java.vm.info=mixed mode, java.version=1.7.0_45, java.ext.dirs=D:\Java\jdk1.7.0_45\jre\lib\ext;C:\WINDOWS\Sun\Java\lib\ext, sun.boot.class.path=D:\Java\jdk1.7.0_45\jre\lib\resources.jar;D:\Java\jdk1.7.0_45\jre\lib\rt.jar;D:\Java\jdk1.7.0_45\jre\lib\sunrsasign.jar;D:\Java\jdk1.7.0_45\jre\lib\jsse.jar;D:\Java\jdk1.7.0_45\jre\lib\jce.jar;D:\Java\jdk1.7.0_45\jre\lib\charsets.jar;D:\Java\jdk1.7.0_45\jre\lib\jfr.jar;D:\Java\jdk1.7.0_45\jre\classes, java.vendor=Oracle Corporation, localRepository=D:\Java\m2\repository, file.separator=\, java.vendor.url.bug=http://bugreport.sun.com/bugreport/, sun.io.unicode.encoding=UnicodeLittle, sun.cpu.endian=little, sun.desktop=windows, sun.cpu.isalist=amd64}}, SystemEnvironmentPropertySource@1177962617 {name='systemEnvironment', properties={USERPROFILE=C:\Users\huqing, TERM=xterm, ECLIPSE_HOME=D:\Programming Tools\eclipse_4.7, =EXITCODE=00000001, JAVA_HOME=D:\Java\jdk1.7.0_45, PROGRAMDATA=C:\ProgramData, MAVEN_CMD_LINE_ARGS=install, CONFIGSETROOT=C:\WINDOWS\ConfigSetRoot, COMMONPROGRAMFILES=C:\Program Files\Common Files, JAVACMD=D:\Java\jdk1.7.0_45\bin\java.exe, PROCESSOR_REVISION=3a09, MAVEN_PROJECTBASEDIR=D:\Programming Tools\workspaceOfeclipse4.7\MyBoot, USERDOMAIN=idea-PC, ALLUSERSPROFILE=C:\ProgramData, PROGRAMW6432=C:\Program Files, ONEDRIVE=C:\Users\huqing\OneDrive, ENVCONTAINERTELEMETRYAPICMDLINEX86=-st "C:\Program Files (x86)\NVIDIA Corporation\NvContainer\NvContainerTelemetryApi.dll", ENVCONTAINERTELEMETRYAPICMDLINE=-st "C:\Program Files\NVIDIA Corporation\NvContainer\NvContainerTelemetryApi.dll", SESSIONNAME=Console, M2_REPO=D:\Java\m2\repository, TMP=C:\Users\huqing\AppData\Local\Temp, PSMODULEPATH=C:\WINDOWS\system32\WindowsPowerShell\v1.0\Modules\, LOGONSERVER=\\IDEA-PC, PATH=D:/Java/jre1.8.0_144/bin/server;D:/Java/jre1.8.0_144/bin;D:/Java/jre1.8.0_144/lib/amd64;C:\ProgramData\Oracle\Java\javapath;C:\Program Files (x86)\Intel\iCLS Client\;C:\Program Files\Intel\iCLS Client\;C:\WINDOWS\system32;C:\WINDOWS;C:\WINDOWS\System32\Wbem;C:\WINDOWS\System32\WindowsPowerShell\v1.0\;C:\Program Files\Intel\Intel(R) Management Engine Components\DAL;C:\Program Files\Intel\Intel(R) Management Engine Components\IPT;C:\Program Files (x86)\Intel\Intel(R) Management Engine Components\DAL;C:\Program Files (x86)\Intel\Intel(R) Management Engine Components\IPT;C:\Program Files\nodejs\;C:\Program Files (x86)\NVIDIA Corporation\PhysX\Common;C:\WINDOWS\system32;C:\WINDOWS;C:\WINDOWS\System32\Wbem;C:\WINDOWS\System32\WindowsPowerShell\v1.0\;D:\MySQL\bin;D:\oraclexe\app\oracle\product\10.2.0\server\bin;D:\Java\sdk\tools;D:\Java\Tools\TortoiseSVN\bin;D:\Java\jdk1.7.0_45\bin;D:\Java\Tools\apache-maven-3.5.0\bin\;D:\Java\sdk\platform-tools;C:\Users\huqing\AppData\Roaming\npm;C:\Users\huqing\AppData\Local\Microsoft\WindowsApps;D:\Java\m2\repository;;D:\Programming Tools\eclipse_4.7;, PROMPT=$P$G, COMMONPROGRAMW6432=C:\Program Files\Common Files, PROCESSOR_LEVEL=6, ACTEL_FOR_ALTIUM_OVERRIDE= , USERDOMAIN_ROAMINGPROFILE=idea-PC, LOCALAPPDATA=C:\Users\huqing\AppData\Local, COMPUTERNAME=IDEA-PC, CLASSWORLDS_LAUNCHER=org.codehaus.plexus.classworlds.launcher.Launcher, USERNAME=hu  qing, ECLIPSE_WORKSPACE=D:\Programming Tools\workspaceOfeclipse4.7, WINDIR=C:\WINDOWS, APPDATA=C:\Users\huqing\AppData\Roaming, JVMCONFIG=\.mvn\jvm.config, PATHEXT=.COM;.EXE;.BAT;.CMD;.VBS;.VBE;.JS;.JSE;.WSF;.WSH;.MSC, ANDROID_SDK_HOME=D:\Java\sdk, MAVEN_HOME=D:\Java\Tools\apache-maven-3.5.0\bin\.., PROGRAMFILES(X86)=C:\Program Files (x86), TEMP=C:\Users\huqing\AppData\Local\Temp, HOMEDRIVE=C:, SYSTEMDRIVE=C:, ERROR_CODE=0, COMMONPROGRAMFILES(X86)=C:\Program Files (x86)\Common Files, CLASSWORLDS_JAR="D:\Java\Tools\apache-maven-3.5.0\bin\..\boot\plexus-classworlds-2.5.2.jar", PROCESSOR_IDENTIFIER=Intel64 Family 6 Model 58 Stepping 9, GenuineIntel, FPS_BROWSER_USER_PROFILE_STRING=Default, CLASSPATH=.;D:\Java\jdk1.7.0_45\lib\dt.jar;D:\Java\jdk1.7.0_45\lib\tools.jar, PROCESSOR_ARCHITECTURE=AMD64, FP_NO_HOST_CHECK=NO, OS=Windows_NT, HOMEPATH=\Users\huqing, COMSPEC=C:\WINDOWS\system32\cmd.exe, EXEC_DIR=D:\Programming Tools\workspaceOfeclipse4.7\MyBoot, FPS_BROWSER_APP_PROFILE_STRING=Internet Explorer, =D:=D:\Programming Tools\workspaceOfeclipse4.7\MyBoot, PROGRAMFILES=C:\Program Files, WDIR=D:\Programming Tools\workspaceOfeclipse4.7\MyBoot, NUMBER_OF_PROCESSORS=4, SYSTEMROOT=C:\WINDOWS, PUBLIC=C:\Users\Public, ALTERA_FOR_ALTIUM_OVERRIDE= }}]
20:31:47.455 [main] DEBUG org.springframework.core.io.support.PathMatchingResourcePatternResolver - Resolved classpath location [com/example/demo/] to resources [URL [file:/D:/Programming%20Tools/workspaceOfeclipse4.7/MyBoot/target/test-classes/com/example/demo/], URL [file:/D:/Programming%20Tools/workspaceOfeclipse4.7/MyBoot/target/classes/com/example/demo/]]
20:31:47.457 [main] DEBUG org.springframework.core.io.support.PathMatchingResourcePatternResolver - Looking for matching resources in directory tree [D:\Programming Tools\workspaceOfeclipse4.7\MyBoot\target\test-classes\com\example\demo]
20:31:47.458 [main] DEBUG org.springframework.core.io.support.PathMatchingResourcePatternResolver - Searching directory [D:\Programming Tools\workspaceOfeclipse4.7\MyBoot\target\test-classes\com\example\demo] for files matching pattern [D:/Programming Tools/workspaceOfeclipse4.7/MyBoot/target/test-classes/com/example/demo/*.class]
20:31:47.464 [main] DEBUG org.springframework.core.io.support.PathMatchingResourcePatternResolver - Looking for matching resources in directory tree [D:\Programming Tools\workspaceOfeclipse4.7\MyBoot\target\classes\com\example\demo]
20:31:47.465 [main] DEBUG org.springframework.core.io.support.PathMatchingResourcePatternResolver - Searching directory [D:\Programming Tools\workspaceOfeclipse4.7\MyBoot\target\classes\com\example\demo] for files matching pattern [D:/Programming Tools/workspaceOfeclipse4.7/MyBoot/target/classes/com/example/demo/*.class]
20:31:47.468 [main] DEBUG org.springframework.core.io.support.PathMatchingResourcePatternResolver - Resolved location pattern [classpath*:com/example/demo/*.class] to resources [file [D:\Programming Tools\workspaceOfeclipse4.7\MyBoot\target\test-classes\com\example\demo\MyBootApplicationTests.class], file [D:\Programming Tools\workspaceOfeclipse4.7\MyBoot\target\classes\com\example\demo\HelloController.class], file [D:\Programming Tools\workspaceOfeclipse4.7\MyBoot\target\classes\com\example\demo\MyBootApplication.class]]
20:31:47.573 [main] DEBUG org.springframework.context.annotation.ClassPathScanningCandidateComponentProvider - Identified candidate component class: file [D:\Programming Tools\workspaceOfeclipse4.7\MyBoot\target\classes\com\example\demo\MyBootApplication.class]
20:31:47.575 [main] INFO org.springframework.boot.test.context.SpringBootTestContextBootstrapper - Found @SpringBootConfiguration com.example.demo.MyBootApplication for test class com.example.demo.MyBootApplicationTests
20:31:47.585 [main] DEBUG org.springframework.boot.test.context.SpringBootTestContextBootstrapper - @TestExecutionListeners is not present for class [com.example.demo.MyBootApplicationTests]: using defaults.
20:31:47.596 [main] INFO org.springframework.boot.test.context.SpringBootTestContextBootstrapper - Loaded default TestExecutionListener class names from location [META-INF/spring.factories]: [org.springframework.boot.test.mock.mockito.MockitoTestExecutionListener, org.springframework.boot.test.mock.mockito.ResetMocksTestExecutionListener, org.springframework.boot.test.autoconfigure.restdocs.RestDocsTestExecutionListener, org.springframework.boot.test.autoconfigure.web.client.MockRestServiceServerResetTestExecutionListener, org.springframework.boot.test.autoconfigure.web.servlet.MockMvcPrintOnlyOnFailureTestExecutionListener, org.springframework.boot.test.autoconfigure.web.servlet.WebDriverTestExecutionListener, org.springframework.test.context.web.ServletTestExecutionListener, org.springframework.test.context.support.DirtiesContextBeforeModesTestExecutionListener, org.springframework.test.context.support.DependencyInjectionTestExecutionListener, org.springframework.test.context.support.DirtiesContextTestExecutionListener, org.springframework.test.context.transaction.TransactionalTestExecutionListener, org.springframework.test.context.jdbc.SqlScriptsTestExecutionListener]
20:31:47.635 [main] INFO org.springframework.boot.test.context.SpringBootTestContextBootstrapper - Using TestExecutionListeners: [org.springframework.test.context.web.ServletTestExecutionListener@4cbb138d, org.springframework.test.context.support.DirtiesContextBeforeModesTestExecutionListener@e00b556, org.springframework.boot.test.autoconfigure.SpringBootDependencyInjectionTestExecutionListener@50812848, org.springframework.test.context.support.DirtiesContextTestExecutionListener@4f7bb842, org.springframework.test.context.transaction.TransactionalTestExecutionListener@437e1dd2, org.springframework.test.context.jdbc.SqlScriptsTestExecutionListener@cd7e89c, org.springframework.boot.test.mock.mockito.MockitoTestExecutionListener@32e8605a, org.springframework.boot.test.autoconfigure.restdocs.RestDocsTestExecutionListener@360dced2, org.springframework.boot.test.autoconfigure.web.servlet.WebDriverTestExecutionListener@448558b7, org.springframework.boot.test.mock.mockito.ResetMocksTestExecutionListener@e837986, org.springframework.boot.test.autoconfigure.web.servlet.MockMvcPrintOnlyOnFailureTestExecutionListener@599f53db, org.springframework.boot.test.autoconfigure.web.client.MockRestServiceServerResetTestExecutionListener@6b3a7cd4]
20:31:47.638 [main] DEBUG org.springframework.test.annotation.ProfileValueUtils - Retrieved @ProfileValueSourceConfiguration [null] for test class [com.example.demo.MyBootApplicationTests]
20:31:47.639 [main] DEBUG org.springframework.test.annotation.ProfileValueUtils - Retrieved ProfileValueSource type [class org.springframework.test.annotation.SystemProfileValueSource] for class [com.example.demo.MyBootApplicationTests]
20:31:47.642 [main] DEBUG org.springframework.test.context.junit4.SpringJUnit4ClassRunner - SpringJUnit4ClassRunner constructor called with [class com.example.demo.MyBootApplicationTests]
20:31:47.642 [main] DEBUG org.springframework.test.context.BootstrapUtils - Instantiating CacheAwareContextLoaderDelegate from class [org.springframework.test.context.cache.DefaultCacheAwareContextLoaderDelegate]
20:31:47.642 [main] DEBUG org.springframework.test.context.BootstrapUtils - Instantiating BootstrapContext using constructor [public org.springframework.test.context.support.DefaultBootstrapContext(java.lang.Class,org.springframework.test.context.CacheAwareContextLoaderDelegate)]
20:31:47.643 [main] DEBUG org.springframework.test.context.BootstrapUtils - Instantiating TestContextBootstrapper for test class [com.example.demo.MyBootApplicationTests] from class [org.springframework.boot.test.context.SpringBootTestContextBootstrapper]
20:31:47.644 [main] INFO org.springframework.boot.test.context.SpringBootTestContextBootstrapper - Neither @ContextConfiguration nor @ContextHierarchy found for test class [com.example.demo.MyBootApplicationTests], using SpringBootContextLoader
20:31:47.645 [main] DEBUG org.springframework.test.context.support.AbstractContextLoader - Did not detect default resource location for test class [com.example.demo.MyBootApplicationTests]: class path resource [com/example/demo/MyBootApplicationTests-context.xml] does not exist
20:31:47.645 [main] DEBUG org.springframework.test.context.support.AbstractContextLoader - Did not detect default resource location for test class [com.example.demo.MyBootApplicationTests]: class path resource [com/example/demo/MyBootApplicationTestsContext.groovy] does not exist
20:31:47.646 [main] INFO org.springframework.test.context.support.AbstractContextLoader - Could not detect default resource locations for test class [com.example.demo.MyBootApplicationTests]: no resource found for suffixes {-context.xml, Context.groovy}.
20:31:47.646 [main] INFO org.springframework.test.context.support.AnnotationConfigContextLoaderUtils - Could not detect default configuration classes for test class [com.example.demo.MyBootApplicationTests]: MyBootApplicationTests does not declare any static, non-private, non-final, nested classes annotated with @Configuration.
20:31:47.657 [main] DEBUG org.springframework.test.context.support.ActiveProfilesUtils - Could not find an 'annotation declaring class' for annotation type [org.springframework.test.context.ActiveProfiles] and class [com.example.demo.MyBootApplicationTests]
20:31:47.657 [main] DEBUG org.springframework.core.env.StandardEnvironment - Adding PropertySource 'systemProperties' with lowest search precedence
20:31:47.657 [main] DEBUG org.springframework.core.env.StandardEnvironment - Adding PropertySource 'systemEnvironment' with lowest search precedence
20:31:47.658 [main] DEBUG org.springframework.core.env.StandardEnvironment - Initialized StandardEnvironment with PropertySources [MapPropertySource@909447022 {name='systemProperties', properties={java.runtime.name=Java(TM) SE Runtime Environment, sun.boot.library.path=D:\Java\jdk1.7.0_45\jre\bin, java.vm.version=24.45-b08, java.vm.vendor=Oracle Corporation, java.vendor.url=http://java.oracle.com/, path.separator=;, java.vm.name=Java HotSpot(TM) 64-Bit Server VM, file.encoding.pkg=sun.io, user.country=CN, user.script=, sun.java.launcher=SUN_STANDARD, sun.os.patch.level=, java.vm.specification.name=Java Virtual Machine Specification, user.dir=D:\Programming Tools\workspaceOfeclipse4.7\MyBoot, java.runtime.version=1.7.0_45-b18, basedir=D:\Programming Tools\workspaceOfeclipse4.7\MyBoot, java.awt.graphicsenv=sun.awt.Win32GraphicsEnvironment, java.endorsed.dirs=D:\Java\jdk1.7.0_45\jre\lib\endorsed, os.arch=amd64, surefire.real.class.path=D:\Programming Tools\workspaceOfeclipse4.7\MyBoot\target\surefire\surefirebooter4843438083004429565.jar, java.io.tmpdir=C:\Users\huqing\AppData\Local\Temp\, line.separator=
, java.vm.specification.vendor=Oracle Corporation, user.variant=, os.name=Windows 8, sun.jnu.encoding=GBK, java.library.path=D:\Java\jdk1.7.0_45\jre\bin;C:\WINDOWS\Sun\Java\bin;C:\WINDOWS\system32;C:\WINDOWS;D:/Java/jre1.8.0_144/bin/server;D:/Java/jre1.8.0_144/bin;D:/Java/jre1.8.0_144/lib/amd64;C:\ProgramData\Oracle\Java\javapath;C:\Program Files (x86)\Intel\iCLS Client\;C:\Program Files\Intel\iCLS Client\;C:\WINDOWS\system32;C:\WINDOWS;C:\WINDOWS\System32\Wbem;C:\WINDOWS\System32\WindowsPowerShell\v1.0\;C:\Program Files\Intel\Intel(R) Management Engine Components\DAL;C:\Program Files\Intel\Intel(R) Management Engine Components\IPT;C:\Program Files (x86)\Intel\Intel(R) Management Engine Components\DAL;C:\Program Files (x86)\Intel\Intel(R) Management Engine Components\IPT;C:\Program Files\nodejs\;C:\Program Files (x86)\NVIDIA Corporation\PhysX\Common;C:\WINDOWS\system32;C:\WINDOWS;C:\WINDOWS\System32\Wbem;C:\WINDOWS\System32\WindowsPowerShell\v1.0\;D:\MySQL\bin;D:\oraclexe\app\oracle\product\10.2.0\server\bin;D:\Java\sdk\tools;D:\Java\Tools\TortoiseSVN\bin;D:\Java\jdk1.7.0_45\bin;D:\Java\Tools\apache-maven-3.5.0\bin\;D:\Java\sdk\platform-tools;C:\Users\huqing\AppData\Roaming\npm;C:\Users\huqing\AppData\Local\Microsoft\WindowsApps;D:\Java\m2\repository;;D:\Programming Tools\eclipse_4.7;;., surefire.test.class.path=D:\Programming Tools\workspaceOfeclipse4.7\MyBoot\target\test-classes;D:\Programming Tools\workspaceOfeclipse4.7\MyBoot\target\classes;D:\Java\m2\repository\org\springframework\boot\spring-boot-starter-web\1.5.8.RELEASE\spring-boot-starter-web-1.5.8.RELEASE.jar;D:\Java\m2\repository\org\springframework\boot\spring-boot-starter\1.5.8.RELEASE\spring-boot-starter-1.5.8.RELEASE.jar;D:\Java\m2\repository\org\springframework\boot\spring-boot\1.5.8.RELEASE\spring-boot-1.5.8.RELEASE.jar;D:\Java\m2\repository\org\springframework\boot\spring-boot-autoconfigure\1.5.8.RELEASE\spring-boot-autoconfigure-1.5.8.RELEASE.jar;D:\Java\m2\repository\org\springframework\boot\spring-boot-starter-logging\1.5.8.RELEASE\spring-boot-starter-logging-1.5.8.RELEASE.jar;D:\Java\m2\repository\ch\qos\logback\logback-classic\1.1.11\logback-classic-1.1.11.jar;D:\Java\m2\repository\ch\qos\logback\logback-core\1.1.11\logback-core-1.1.11.jar;D:\Java\m2\repository\org\slf4j\jcl-over-slf4j\1.7.25\jcl-over-slf4j-1.7.25.jar;D:\Java\m2\repository\org\slf4j\jul-to-slf4j\1.7.25\jul-to-slf4j-1.7.25.jar;D:\Java\m2\repository\org\slf4j\log4j-over-slf4j\1.7.25\log4j-over-slf4j-1.7.25.jar;D:\Java\m2\repository\org\yaml\snakeyaml\1.17\snakeyaml-1.17.jar;D:\Java\m2\repository\org\springframework\boot\spring-boot-starter-tomcat\1.5.8.RELEASE\spring-boot-starter-tomcat-1.5.8.RELEASE.jar;D:\Java\m2\repository\org\apache\tomcat\embed\tomcat-embed-core\8.5.23\tomcat-embed-core-8.5.23.jar;D:\Java\m2\repository\org\apache\tomcat\tomcat-annotations-api\8.5.23\tomcat-annotations-api-8.5.23.jar;D:\Java\m2\repository\org\apache\tomcat\embed\tomcat-embed-el\8.5.23\tomcat-embed-el-8.5.23.jar;D:\Java\m2\repository\org\apache\tomcat\embed\tomcat-embed-websocket\8.5.23\tomcat-embed-websocket-8.5.23.jar;D:\Java\m2\repository\org\hibernate\hibernate-validator\5.3.5.Final\hibernate-validator-5.3.5.Final.jar;D:\Java\m2\repository\com\fasterxml\jackson\core\jackson-databind\2.8.10\jackson-databind-2.8.10.jar;D:\Java\m2\repository\com\fasterxml\jackson\core\jackson-annotations\2.8.0\jackson-annotations-2.8.0.jar;D:\Java\m2\repository\com\fasterxml\jackson\core\jackson-core\2.8.10\jackson-core-2.8.10.jar;D:\Java\m2\repository\org\springframework\spring-web\4.3.12.RELEASE\spring-web-4.3.12.RELEASE.jar;D:\Java\m2\repository\org\springframework\spring-aop\4.3.12.RELEASE\spring-aop-4.3.12.RELEASE.jar;D:\Java\m2\repository\org\springframework\spring-beans\4.3.12.RELEASE\spring-beans-4.3.12.RELEASE.jar;D:\Java\m2\repository\org\springframework\spring-context\4.3.12.RELEASE\spring-context-4.3.12.RELEASE.jar;D:\Java\m2\repository\org\springframework\spring-webmvc\4.3.12.RELEASE\spring-webmvc-4.3.12.RELEASE.jar;D:\Java\m2\repository\org\springframework\spring-expression\4.3.12.RELEASE\spring-expression-4.3.12.RELEASE.jar;D:\Java\m2\repository\org\springframework\boot\spring-boot-starter-test\1.5.8.RELEASE\spring-boot-starter-test-1.5.8.RELEASE.jar;D:\Java\m2\repository\org\springframework\boot\spring-boot-test\1.5.8.RELEASE\spring-boot-test-1.5.8.RELEASE.jar;D:\Java\m2\repository\org\springframework\boot\spring-boot-test-autoconfigure\1.5.8.RELEASE\spring-boot-test-autoconfigure-1.5.8.RELEASE.jar;D:\Java\m2\repository\com\jayway\jsonpath\json-path\2.2.0\json-path-2.2.0.jar;D:\Java\m2\repository\net\minidev\json-smart\2.2.1\json-smart-2.2.1.jar;D:\Java\m2\repository\org\slf4j\slf4j-api\1.7.25\slf4j-api-1.7.25.jar;D:\Java\m2\repository\junit\junit\4.12\junit-4.12.jar;D:\Java\m2\repository\org\assertj\assertj-core\2.6.0\assertj-core-2.6.0.jar;D:\Java\m2\repository\org\mockito\mockito-core\1.10.19\mockito-core-1.10.19.jar;D:\Java\m2\repository\org\objenesis\objenesis\2.1\objenesis-2.1.jar;D:\Java\m2\repository\org\hamcrest\hamcrest-core\1.3\hamcrest-core-1.3.jar;D:\Java\m2\repository\org\hamcrest\hamcrest-library\1.3\hamcrest-library-1.3.jar;D:\Java\m2\repository\org\skyscreamer\jsonassert\1.4.0\jsonassert-1.4.0.jar;D:\Java\m2\repository\com\vaadin\external\google\android-json\0.0.20131108.vaadin1\android-json-0.0.20131108.vaadin1.jar;D:\Java\m2\repository\org\springframework\spring-core\4.3.12.RELEASE\spring-core-4.3.12.RELEASE.jar;D:\Java\m2\repository\org\springframework\spring-test\4.3.12.RELEASE\spring-test-4.3.12.RELEASE.jar;D:\Java\m2\repository\mysql\mysql-connector-java\5.1.44\mysql-connector-java-5.1.44.jar;D:\Java\m2\repository\org\springframework\boot\spring-boot-starter-jdbc\1.5.8.RELEASE\spring-boot-starter-jdbc-1.5.8.RELEASE.jar;D:\Java\m2\repository\org\apache\tomcat\tomcat-jdbc\8.5.23\tomcat-jdbc-8.5.23.jar;D:\Java\m2\repository\org\apache\tomcat\tomcat-juli\8.5.23\tomcat-juli-8.5.23.jar;D:\Java\m2\repository\org\springframework\spring-jdbc\4.3.12.RELEASE\spring-jdbc-4.3.12.RELEASE.jar;D:\Java\m2\repository\org\springframework\spring-tx\4.3.12.RELEASE\spring-tx-4.3.12.RELEASE.jar;D:\Java\m2\repository\org\mybatis\spring\boot\mybatis-spring-boot-starter\1.3.1\mybatis-spring-boot-starter-1.3.1.jar;D:\Java\m2\repository\org\mybatis\spring\boot\mybatis-spring-boot-autoconfigure\1.3.1\mybatis-spring-boot-autoconfigure-1.3.1.jar;D:\Java\m2\repository\org\mybatis\mybatis\3.4.5\mybatis-3.4.5.jar;D:\Java\m2\repository\org\mybatis\mybatis-spring\1.3.1\mybatis-spring-1.3.1.jar;, java.specification.name=Java Platform API Specification, java.class.version=51.0, sun.management.compiler=HotSpot 64-Bit Tiered Compilers, os.version=6.2, user.home=C:\Users\huqing, user.timezone=Asia/Shanghai, java.awt.printerjob=sun.awt.windows.WPrinterJob, file.encoding=GBK, java.specification.version=1.7, java.class.path=D:\Programming Tools\workspaceOfeclipse4.7\MyBoot\target\test-classes;D:\Programming Tools\workspaceOfeclipse4.7\MyBoot\target\classes;D:\Java\m2\repository\org\springframework\boot\spring-boot-starter-web\1.5.8.RELEASE\spring-boot-starter-web-1.5.8.RELEASE.jar;D:\Java\m2\repository\org\springframework\boot\spring-boot-starter\1.5.8.RELEASE\spring-boot-starter-1.5.8.RELEASE.jar;D:\Java\m2\repository\org\springframework\boot\spring-boot\1.5.8.RELEASE\spring-boot-1.5.8.RELEASE.jar;D:\Java\m2\repository\org\springframework\boot\spring-boot-autoconfigure\1.5.8.RELEASE\spring-boot-autoconfigure-1.5.8.RELEASE.jar;D:\Java\m2\repository\org\springframework\boot\spring-boot-starter-logging\1.5.8.RELEASE\spring-boot-starter-logging-1.5.8.RELEASE.jar;D:\Java\m2\repository\ch\qos\logback\logback-classic\1.1.11\logback-classic-1.1.11.jar;D:\Java\m2\repository\ch\qos\logback\logback-core\1.1.11\logback-core-1.1.11.jar;D:\Java\m2\repository\org\slf4j\jcl-over-slf4j\1.7.25\jcl-over-slf4j-1.7.25.jar;D:\Java\m2\repository\org\slf4j\jul-to-slf4j\1.7.25\jul-to-slf4j-1.7.25.jar;D:\Java\m2\repository\org\slf4j\log4j-over-slf4j\1.7.25\log4j-over-slf4j-1.7.25.jar;D:\Java\m2\repository\org\yaml\snakeyaml\1.17\snakeyaml-1.17.jar;D:\Java\m2\repository\org\springframework\boot\spring-boot-starter-tomcat\1.5.8.RELEASE\spring-boot-starter-tomcat-1.5.8.RELEASE.jar;D:\Java\m2\repository\org\apache\tomcat\embed\tomcat-embed-core\8.5.23\tomcat-embed-core-8.5.23.jar;D:\Java\m2\repository\org\apache\tomcat\tomcat-annotations-api\8.5.23\tomcat-annotations-api-8.5.23.jar;D:\Java\m2\repository\org\apache\tomcat\embed\tomcat-embed-el\8.5.23\tomcat-embed-el-8.5.23.jar;D:\Java\m2\repository\org\apache\tomcat\embed\tomcat-embed-websocket\8.5.23\tomcat-embed-websocket-8.5.23.jar;D:\Java\m2\repository\org\hibernate\hibernate-validator\5.3.5.Final\hibernate-validator-5.3.5.Final.jar;D:\Java\m2\repository\com\fasterxml\jackson\core\jackson-databind\2.8.10\jackson-databind-2.8.10.jar;D:\Java\m2\repository\com\fasterxml\jackson\core\jackson-annotations\2.8.0\jackson-annotations-2.8.0.jar;D:\Java\m2\repository\com\fasterxml\jackson\core\jackson-core\2.8.10\jackson-core-2.8.10.jar;D:\Java\m2\repository\org\springframework\spring-web\4.3.12.RELEASE\spring-web-4.3.12.RELEASE.jar;D:\Java\m2\repository\org\springframework\spring-aop\4.3.12.RELEASE\spring-aop-4.3.12.RELEASE.jar;D:\Java\m2\repository\org\springframework\spring-beans\4.3.12.RELEASE\spring-beans-4.3.12.RELEASE.jar;D:\Java\m2\repository\org\springframework\spring-context\4.3.12.RELEASE\spring-context-4.3.12.RELEASE.jar;D:\Java\m2\repository\org\springframework\spring-webmvc\4.3.12.RELEASE\spring-webmvc-4.3.12.RELEASE.jar;D:\Java\m2\repository\org\springframework\spring-expression\4.3.12.RELEASE\spring-expression-4.3.12.RELEASE.jar;D:\Java\m2\repository\org\springframework\boot\spring-boot-starter-test\1.5.8.RELEASE\spring-boot-starter-test-1.5.8.RELEASE.jar;D:\Java\m2\repository\org\springframework\boot\spring-boot-test\1.5.8.RELEASE\spring-boot-test-1.5.8.RELEASE.jar;D:\Java\m2\repository\org\springframework\boot\spring-boot-test-autoconfigure\1.5.8.RELEASE\spring-boot-test-autoconfigure-1.5.8.RELEASE.jar;D:\Java\m2\repository\com\jayway\jsonpath\json-path\2.2.0\json-path-2.2.0.jar;D:\Java\m2\repository\net\minidev\json-smart\2.2.1\json-smart-2.2.1.jar;D:\Java\m2\repository\org\slf4j\slf4j-api\1.7.25\slf4j-api-1.7.25.jar;D:\Java\m2\repository\junit\junit\4.12\junit-4.12.jar;D:\Java\m2\repository\org\assertj\assertj-core\2.6.0\assertj-core-2.6.0.jar;D:\Java\m2\repository\org\mockito\mockito-core\1.10.19\mockito-core-1.10.19.jar;D:\Java\m2\repository\org\objenesis\objenesis\2.1\objenesis-2.1.jar;D:\Java\m2\repository\org\hamcrest\hamcrest-core\1.3\hamcrest-core-1.3.jar;D:\Java\m2\repository\org\hamcrest\hamcrest-library\1.3\hamcrest-library-1.3.jar;D:\Java\m2\repository\org\skyscreamer\jsonassert\1.4.0\jsonassert-1.4.0.jar;D:\Java\m2\repository\com\vaadin\external\google\android-json\0.0.20131108.vaadin1\android-json-0.0.20131108.vaadin1.jar;D:\Java\m2\repository\org\springframework\spring-core\4.3.12.RELEASE\spring-core-4.3.12.RELEASE.jar;D:\Java\m2\repository\org\springframework\spring-test\4.3.12.RELEASE\spring-test-4.3.12.RELEASE.jar;D:\Java\m2\repository\mysql\mysql-connector-java\5.1.44\mysql-connector-java-5.1.44.jar;D:\Java\m2\repository\org\springframework\boot\spring-boot-starter-jdbc\1.5.8.RELEASE\spring-boot-starter-jdbc-1.5.8.RELEASE.jar;D:\Java\m2\repository\org\apache\tomcat\tomcat-jdbc\8.5.23\tomcat-jdbc-8.5.23.jar;D:\Java\m2\repository\org\apache\tomcat\tomcat-juli\8.5.23\tomcat-juli-8.5.23.jar;D:\Java\m2\repository\org\springframework\spring-jdbc\4.3.12.RELEASE\spring-jdbc-4.3.12.RELEASE.jar;D:\Java\m2\repository\org\springframework\spring-tx\4.3.12.RELEASE\spring-tx-4.3.12.RELEASE.jar;D:\Java\m2\repository\org\mybatis\spring\boot\mybatis-spring-boot-starter\1.3.1\mybatis-spring-boot-starter-1.3.1.jar;D:\Java\m2\repository\org\mybatis\spring\boot\mybatis-spring-boot-autoconfigure\1.3.1\mybatis-spring-boot-autoconfigure-1.3.1.jar;D:\Java\m2\repository\org\mybatis\mybatis\3.4.5\mybatis-3.4.5.jar;D:\Java\m2\repository\org\mybatis\mybatis-spring\1.3.1\mybatis-spring-1.3.1.jar;, user.name=hu  qing, java.vm.specification.version=1.7, sun.java.command=D:\Programming Tools\workspaceOfeclipse4.7\MyBoot\target\surefire\surefirebooter4843438083004429565.jar D:\Programming Tools\workspaceOfeclipse4.7\MyBoot\target\surefire\surefire3602839581630067384tmp D:\Programming Tools\workspaceOfeclipse4.7\MyBoot\target\surefire\surefire_06054477342746839625tmp, java.home=D:\Java\jdk1.7.0_45\jre, sun.arch.data.model=64, user.language=zh, java.specification.vendor=Oracle Corporation, awt.toolkit=sun.awt.windows.WToolkit, java.vm.info=mixed mode, java.version=1.7.0_45, java.ext.dirs=D:\Java\jdk1.7.0_45\jre\lib\ext;C:\WINDOWS\Sun\Java\lib\ext, sun.boot.class.path=D:\Java\jdk1.7.0_45\jre\lib\resources.jar;D:\Java\jdk1.7.0_45\jre\lib\rt.jar;D:\Java\jdk1.7.0_45\jre\lib\sunrsasign.jar;D:\Java\jdk1.7.0_45\jre\lib\jsse.jar;D:\Java\jdk1.7.0_45\jre\lib\jce.jar;D:\Java\jdk1.7.0_45\jre\lib\charsets.jar;D:\Java\jdk1.7.0_45\jre\lib\jfr.jar;D:\Java\jdk1.7.0_45\jre\classes, java.vendor=Oracle Corporation, localRepository=D:\Java\m2\repository, file.separator=\, java.vendor.url.bug=http://bugreport.sun.com/bugreport/, sun.io.unicode.encoding=UnicodeLittle, sun.cpu.endian=little, sun.desktop=windows, sun.cpu.isalist=amd64}}, SystemEnvironmentPropertySource@1434983055 {name='systemEnvironment', properties={USERPROFILE=C:\Users\huqing, TERM=xterm, ECLIPSE_HOME=D:\Programming Tools\eclipse_4.7, =EXITCODE=00000001, JAVA_HOME=D:\Java\jdk1.7.0_45, PROGRAMDATA=C:\ProgramData, MAVEN_CMD_LINE_ARGS=install, CONFIGSETROOT=C:\WINDOWS\ConfigSetRoot, COMMONPROGRAMFILES=C:\Program Files\Common Files, JAVACMD=D:\Java\jdk1.7.0_45\bin\java.exe, PROCESSOR_REVISION=3a09, MAVEN_PROJECTBASEDIR=D:\Programming Tools\workspaceOfeclipse4.7\MyBoot, USERDOMAIN=idea-PC, ALLUSERSPROFILE=C:\ProgramData, PROGRAMW6432=C:\Program Files, ONEDRIVE=C:\Users\huqing\OneDrive, ENVCONTAINERTELEMETRYAPICMDLINEX86=-st "C:\Program Files (x86)\NVIDIA Corporation\NvContainer\NvContainerTelemetryApi.dll", ENVCONTAINERTELEMETRYAPICMDLINE=-st "C:\Program Files\NVIDIA Corporation\NvContainer\NvContainerTelemetryApi.dll", SESSIONNAME=Console, M2_REPO=D:\Java\m2\repository, TMP=C:\Users\huqing\AppData\Local\Temp, PSMODULEPATH=C:\WINDOWS\system32\WindowsPowerShell\v1.0\Modules\, LOGONSERVER=\\IDEA-PC, PATH=D:/Java/jre1.8.0_144/bin/server;D:/Java/jre1.8.0_144/bin;D:/Java/jre1.8.0_144/lib/amd64;C:\ProgramData\Oracle\Java\javapath;C:\Program Files (x86)\Intel\iCLS Client\;C:\Program Files\Intel\iCLS Client\;C:\WINDOWS\system32;C:\WINDOWS;C:\WINDOWS\System32\Wbem;C:\WINDOWS\System32\WindowsPowerShell\v1.0\;C:\Program Files\Intel\Intel(R) Management Engine Components\DAL;C:\Program Files\Intel\Intel(R) Management Engine Components\IPT;C:\Program Files (x86)\Intel\Intel(R) Management Engine Components\DAL;C:\Program Files (x86)\Intel\Intel(R) Management Engine Components\IPT;C:\Program Files\nodejs\;C:\Program Files (x86)\NVIDIA Corporation\PhysX\Common;C:\WINDOWS\system32;C:\WINDOWS;C:\WINDOWS\System32\Wbem;C:\WINDOWS\System32\WindowsPowerShell\v1.0\;D:\MySQL\bin;D:\oraclexe\app\oracle\product\10.2.0\server\bin;D:\Java\sdk\tools;D:\Java\Tools\TortoiseSVN\bin;D:\Java\jdk1.7.0_45\bin;D:\Java\Tools\apache-maven-3.5.0\bin\;D:\Java\sdk\platform-tools;C:\Users\huqing\AppData\Roaming\npm;C:\Users\huqing\AppData\Local\Microsoft\WindowsApps;D:\Java\m2\repository;;D:\Programming Tools\eclipse_4.7;, PROMPT=$P$G, COMMONPROGRAMW6432=C:\Program Files\Common Files, PROCESSOR_LEVEL=6, ACTEL_FOR_ALTIUM_OVERRIDE= , USERDOMAIN_ROAMINGPROFILE=idea-PC, LOCALAPPDATA=C:\Users\huqing\AppData\Local, COMPUTERNAME=IDEA-PC, CLASSWORLDS_LAUNCHER=org.codehaus.plexus.classworlds.launcher.Launcher, USERNAME=hu  qing, ECLIPSE_WORKSPACE=D:\Programming Tools\workspaceOfeclipse4.7, WINDIR=C:\WINDOWS, APPDATA=C:\Users\huqing\AppData\Roaming, JVMCONFIG=\.mvn\jvm.config, PATHEXT=.COM;.EXE;.BAT;.CMD;.VBS;.VBE;.JS;.JSE;.WSF;.WSH;.MSC, ANDROID_SDK_HOME=D:\Java\sdk, MAVEN_HOME=D:\Java\Tools\apache-maven-3.5.0\bin\.., PROGRAMFILES(X86)=C:\Program Files (x86), TEMP=C:\Users\huqing\AppData\Local\Temp, HOMEDRIVE=C:, SYSTEMDRIVE=C:, ERROR_CODE=0, COMMONPROGRAMFILES(X86)=C:\Program Files (x86)\Common Files, CLASSWORLDS_JAR="D:\Java\Tools\apache-maven-3.5.0\bin\..\boot\plexus-classworlds-2.5.2.jar", PROCESSOR_IDENTIFIER=Intel64 Family 6 Model 58 Stepping 9, GenuineIntel, FPS_BROWSER_USER_PROFILE_STRING=Default, CLASSPATH=.;D:\Java\jdk1.7.0_45\lib\dt.jar;D:\Java\jdk1.7.0_45\lib\tools.jar, PROCESSOR_ARCHITECTURE=AMD64, FP_NO_HOST_CHECK=NO, OS=Windows_NT, HOMEPATH=\Users\huqing, COMSPEC=C:\WINDOWS\system32\cmd.exe, EXEC_DIR=D:\Programming Tools\workspaceOfeclipse4.7\MyBoot, FPS_BROWSER_APP_PROFILE_STRING=Internet Explorer, =D:=D:\Programming Tools\workspaceOfeclipse4.7\MyBoot, PROGRAMFILES=C:\Program Files, WDIR=D:\Programming Tools\workspaceOfeclipse4.7\MyBoot, NUMBER_OF_PROCESSORS=4, SYSTEMROOT=C:\WINDOWS, PUBLIC=C:\Users\Public, ALTERA_FOR_ALTIUM_OVERRIDE= }}]
20:31:47.658 [main] INFO org.springframework.boot.test.context.SpringBootTestContextBootstrapper - Found @SpringBootConfiguration com.example.demo.MyBootApplication for test class com.example.demo.MyBootApplicationTests
20:31:47.663 [main] DEBUG org.springframework.boot.test.context.SpringBootTestContextBootstrapper - @TestExecutionListeners is not present for class [com.example.demo.MyBootApplicationTests]: using defaults.
20:31:47.684 [main] INFO org.springframework.boot.test.context.SpringBootTestContextBootstrapper - Loaded default TestExecutionListener class names from location [META-INF/spring.factories]: [org.springframework.boot.test.mock.mockito.MockitoTestExecutionListener, org.springframework.boot.test.mock.mockito.ResetMocksTestExecutionListener, org.springframework.boot.test.autoconfigure.restdocs.RestDocsTestExecutionListener, org.springframework.boot.test.autoconfigure.web.client.MockRestServiceServerResetTestExecutionListener, org.springframework.boot.test.autoconfigure.web.servlet.MockMvcPrintOnlyOnFailureTestExecutionListener, org.springframework.boot.test.autoconfigure.web.servlet.WebDriverTestExecutionListener, org.springframework.test.context.web.ServletTestExecutionListener, org.springframework.test.context.support.DirtiesContextBeforeModesTestExecutionListener, org.springframework.test.context.support.DependencyInjectionTestExecutionListener, org.springframework.test.context.support.DirtiesContextTestExecutionListener, org.springframework.test.context.transaction.TransactionalTestExecutionListener, org.springframework.test.context.jdbc.SqlScriptsTestExecutionListener]
20:31:47.691 [main] INFO org.springframework.boot.test.context.SpringBootTestContextBootstrapper - Using TestExecutionListeners: [org.springframework.test.context.web.ServletTestExecutionListener@619f9377, org.springframework.test.context.support.DirtiesContextBeforeModesTestExecutionListener@338a9bb3, org.springframework.boot.test.autoconfigure.SpringBootDependencyInjectionTestExecutionListener@50f41f34, org.springframework.test.context.support.DirtiesContextTestExecutionListener@4b2cb871, org.springframework.test.context.transaction.TransactionalTestExecutionListener@65012945, org.springframework.test.context.jdbc.SqlScriptsTestExecutionListener@2f3ca4d1, org.springframework.boot.test.mock.mockito.MockitoTestExecutionListener@3668ad91, org.springframework.boot.test.autoconfigure.restdocs.RestDocsTestExecutionListener@125b267f, org.springframework.boot.test.autoconfigure.web.servlet.WebDriverTestExecutionListener@1e3c6543, org.springframework.boot.test.mock.mockito.ResetMocksTestExecutionListener@f1c2137, org.springframework.boot.test.autoconfigure.web.servlet.MockMvcPrintOnlyOnFailureTestExecutionListener@7fc8a9a0, org.springframework.boot.test.autoconfigure.web.client.MockRestServiceServerResetTestExecutionListener@4ef888ea]
20:31:47.692 [main] DEBUG org.springframework.test.annotation.ProfileValueUtils - Retrieved @ProfileValueSourceConfiguration [null] for test class [com.example.demo.MyBootApplicationTests]
20:31:47.692 [main] DEBUG org.springframework.test.annotation.ProfileValueUtils - Retrieved ProfileValueSource type [class org.springframework.test.annotation.SystemProfileValueSource] for class [com.example.demo.MyBootApplicationTests]
20:31:47.693 [main] DEBUG org.springframework.test.annotation.ProfileValueUtils - Retrieved @ProfileValueSourceConfiguration [null] for test class [com.example.demo.MyBootApplicationTests]
20:31:47.694 [main] DEBUG org.springframework.test.annotation.ProfileValueUtils - Retrieved ProfileValueSource type [class org.springframework.test.annotation.SystemProfileValueSource] for class [com.example.demo.MyBootApplicationTests]
20:31:47.701 [main] DEBUG org.springframework.test.context.support.AbstractDirtiesContextTestExecutionListener - Before test class: context [DefaultTestContext@669b9a30 testClass = MyBootApplicationTests, testInstance = [null], testMethod = [null], testException = [null], mergedContextConfiguration = [WebMergedContextConfiguration@71a7f9f0 testClass = MyBootApplicationTests, locations = '{}', classes = '{class com.example.demo.MyBootApplication}', contextInitializerClasses = '[]', activeProfiles = '{}', propertySourceLocations = '{}', propertySourceProperties = '{org.springframework.boot.test.context.SpringBootTestContextBootstrapper=true}', contextCustomizers = set[org.springframework.boot.test.context.SpringBootTestContextCustomizer@2bc63b78, org.springframework.boot.test.context.filter.ExcludeFilterContextCustomizer@5fa5eea1, org.springframework.boot.test.json.DuplicateJsonObjectContextCustomizerFactory$DuplicateJsonObjectContextCustomizer@16daece7, org.springframework.boot.test.mock.mockito.MockitoContextCustomizer@0, org.springframework.boot.test.autoconfigure.properties.PropertyMappingContextCustomizer@0, org.springframework.boot.test.autoconfigure.web.servlet.WebDriverContextCustomizerFactory$Customizer@4c5f3bf7], resourceBasePath = 'src/main/webapp', contextLoader = 'org.springframework.boot.test.context.SpringBootContextLoader', parent = [null]]], class annotated with @DirtiesContext [false] with mode [null].
20:31:47.702 [main] DEBUG org.springframework.test.annotation.ProfileValueUtils - Retrieved @ProfileValueSourceConfiguration [null] for test class [com.example.demo.MyBootApplicationTests]
20:31:47.702 [main] DEBUG org.springframework.test.annotation.ProfileValueUtils - Retrieved ProfileValueSource type [class org.springframework.test.annotation.SystemProfileValueSource] for class [com.example.demo.MyBootApplicationTests]
20:31:47.782 [main] DEBUG org.springframework.core.env.StandardEnvironment - Adding PropertySource 'systemProperties' with lowest search precedence
20:31:47.782 [main] DEBUG org.springframework.core.env.StandardEnvironment - Adding PropertySource 'systemEnvironment' with lowest search precedence
20:31:47.782 [main] DEBUG org.springframework.core.env.StandardEnvironment - Initialized StandardEnvironment with PropertySources [MapPropertySource@1535105333 {name='systemProperties', properties={java.runtime.name=Java(TM) SE Runtime Environment, sun.boot.library.path=D:\Java\jdk1.7.0_45\jre\bin, java.vm.version=24.45-b08, java.vm.vendor=Oracle Corporation, java.vendor.url=http://java.oracle.com/, path.separator=;, java.vm.name=Java HotSpot(TM) 64-Bit Server VM, file.encoding.pkg=sun.io, user.country=CN, user.script=, sun.java.launcher=SUN_STANDARD, sun.os.patch.level=, java.vm.specification.name=Java Virtual Machine Specification, user.dir=D:\Programming Tools\workspaceOfeclipse4.7\MyBoot, java.runtime.version=1.7.0_45-b18, basedir=D:\Programming Tools\workspaceOfeclipse4.7\MyBoot, java.awt.graphicsenv=sun.awt.Win32GraphicsEnvironment, java.endorsed.dirs=D:\Java\jdk1.7.0_45\jre\lib\endorsed, os.arch=amd64, surefire.real.class.path=D:\Programming Tools\workspaceOfeclipse4.7\MyBoot\target\surefire\surefirebooter4843438083004429565.jar, java.io.tmpdir=C:\Users\huqing\AppData\Local\Temp\, line.separator=
, java.vm.specification.vendor=Oracle Corporation, user.variant=, os.name=Windows 8, sun.jnu.encoding=GBK, java.library.path=D:\Java\jdk1.7.0_45\jre\bin;C:\WINDOWS\Sun\Java\bin;C:\WINDOWS\system32;C:\WINDOWS;D:/Java/jre1.8.0_144/bin/server;D:/Java/jre1.8.0_144/bin;D:/Java/jre1.8.0_144/lib/amd64;C:\ProgramData\Oracle\Java\javapath;C:\Program Files (x86)\Intel\iCLS Client\;C:\Program Files\Intel\iCLS Client\;C:\WINDOWS\system32;C:\WINDOWS;C:\WINDOWS\System32\Wbem;C:\WINDOWS\System32\WindowsPowerShell\v1.0\;C:\Program Files\Intel\Intel(R) Management Engine Components\DAL;C:\Program Files\Intel\Intel(R) Management Engine Components\IPT;C:\Program Files (x86)\Intel\Intel(R) Management Engine Components\DAL;C:\Program Files (x86)\Intel\Intel(R) Management Engine Components\IPT;C:\Program Files\nodejs\;C:\Program Files (x86)\NVIDIA Corporation\PhysX\Common;C:\WINDOWS\system32;C:\WINDOWS;C:\WINDOWS\System32\Wbem;C:\WINDOWS\System32\WindowsPowerShell\v1.0\;D:\MySQL\bin;D:\oraclexe\app\oracle\product\10.2.0\server\bin;D:\Java\sdk\tools;D:\Java\Tools\TortoiseSVN\bin;D:\Java\jdk1.7.0_45\bin;D:\Java\Tools\apache-maven-3.5.0\bin\;D:\Java\sdk\platform-tools;C:\Users\huqing\AppData\Roaming\npm;C:\Users\huqing\AppData\Local\Microsoft\WindowsApps;D:\Java\m2\repository;;D:\Programming Tools\eclipse_4.7;;., surefire.test.class.path=D:\Programming Tools\workspaceOfeclipse4.7\MyBoot\target\test-classes;D:\Programming Tools\workspaceOfeclipse4.7\MyBoot\target\classes;D:\Java\m2\repository\org\springframework\boot\spring-boot-starter-web\1.5.8.RELEASE\spring-boot-starter-web-1.5.8.RELEASE.jar;D:\Java\m2\repository\org\springframework\boot\spring-boot-starter\1.5.8.RELEASE\spring-boot-starter-1.5.8.RELEASE.jar;D:\Java\m2\repository\org\springframework\boot\spring-boot\1.5.8.RELEASE\spring-boot-1.5.8.RELEASE.jar;D:\Java\m2\repository\org\springframework\boot\spring-boot-autoconfigure\1.5.8.RELEASE\spring-boot-autoconfigure-1.5.8.RELEASE.jar;D:\Java\m2\repository\org\springframework\boot\spring-boot-starter-logging\1.5.8.RELEASE\spring-boot-starter-logging-1.5.8.RELEASE.jar;D:\Java\m2\repository\ch\qos\logback\logback-classic\1.1.11\logback-classic-1.1.11.jar;D:\Java\m2\repository\ch\qos\logback\logback-core\1.1.11\logback-core-1.1.11.jar;D:\Java\m2\repository\org\slf4j\jcl-over-slf4j\1.7.25\jcl-over-slf4j-1.7.25.jar;D:\Java\m2\repository\org\slf4j\jul-to-slf4j\1.7.25\jul-to-slf4j-1.7.25.jar;D:\Java\m2\repository\org\slf4j\log4j-over-slf4j\1.7.25\log4j-over-slf4j-1.7.25.jar;D:\Java\m2\repository\org\yaml\snakeyaml\1.17\snakeyaml-1.17.jar;D:\Java\m2\repository\org\springframework\boot\spring-boot-starter-tomcat\1.5.8.RELEASE\spring-boot-starter-tomcat-1.5.8.RELEASE.jar;D:\Java\m2\repository\org\apache\tomcat\embed\tomcat-embed-core\8.5.23\tomcat-embed-core-8.5.23.jar;D:\Java\m2\repository\org\apache\tomcat\tomcat-annotations-api\8.5.23\tomcat-annotations-api-8.5.23.jar;D:\Java\m2\repository\org\apache\tomcat\embed\tomcat-embed-el\8.5.23\tomcat-embed-el-8.5.23.jar;D:\Java\m2\repository\org\apache\tomcat\embed\tomcat-embed-websocket\8.5.23\tomcat-embed-websocket-8.5.23.jar;D:\Java\m2\repository\org\hibernate\hibernate-validator\5.3.5.Final\hibernate-validator-5.3.5.Final.jar;D:\Java\m2\repository\com\fasterxml\jackson\core\jackson-databind\2.8.10\jackson-databind-2.8.10.jar;D:\Java\m2\repository\com\fasterxml\jackson\core\jackson-annotations\2.8.0\jackson-annotations-2.8.0.jar;D:\Java\m2\repository\com\fasterxml\jackson\core\jackson-core\2.8.10\jackson-core-2.8.10.jar;D:\Java\m2\repository\org\springframework\spring-web\4.3.12.RELEASE\spring-web-4.3.12.RELEASE.jar;D:\Java\m2\repository\org\springframework\spring-aop\4.3.12.RELEASE\spring-aop-4.3.12.RELEASE.jar;D:\Java\m2\repository\org\springframework\spring-beans\4.3.12.RELEASE\spring-beans-4.3.12.RELEASE.jar;D:\Java\m2\repository\org\springframework\spring-context\4.3.12.RELEASE\spring-context-4.3.12.RELEASE.jar;D:\Java\m2\repository\org\springframework\spring-webmvc\4.3.12.RELEASE\spring-webmvc-4.3.12.RELEASE.jar;D:\Java\m2\repository\org\springframework\spring-expression\4.3.12.RELEASE\spring-expression-4.3.12.RELEASE.jar;D:\Java\m2\repository\org\springframework\boot\spring-boot-starter-test\1.5.8.RELEASE\spring-boot-starter-test-1.5.8.RELEASE.jar;D:\Java\m2\repository\org\springframework\boot\spring-boot-test\1.5.8.RELEASE\spring-boot-test-1.5.8.RELEASE.jar;D:\Java\m2\repository\org\springframework\boot\spring-boot-test-autoconfigure\1.5.8.RELEASE\spring-boot-test-autoconfigure-1.5.8.RELEASE.jar;D:\Java\m2\repository\com\jayway\jsonpath\json-path\2.2.0\json-path-2.2.0.jar;D:\Java\m2\repository\net\minidev\json-smart\2.2.1\json-smart-2.2.1.jar;D:\Java\m2\repository\org\slf4j\slf4j-api\1.7.25\slf4j-api-1.7.25.jar;D:\Java\m2\repository\junit\junit\4.12\junit-4.12.jar;D:\Java\m2\repository\org\assertj\assertj-core\2.6.0\assertj-core-2.6.0.jar;D:\Java\m2\repository\org\mockito\mockito-core\1.10.19\mockito-core-1.10.19.jar;D:\Java\m2\repository\org\objenesis\objenesis\2.1\objenesis-2.1.jar;D:\Java\m2\repository\org\hamcrest\hamcrest-core\1.3\hamcrest-core-1.3.jar;D:\Java\m2\repository\org\hamcrest\hamcrest-library\1.3\hamcrest-library-1.3.jar;D:\Java\m2\repository\org\skyscreamer\jsonassert\1.4.0\jsonassert-1.4.0.jar;D:\Java\m2\repository\com\vaadin\external\google\android-json\0.0.20131108.vaadin1\android-json-0.0.20131108.vaadin1.jar;D:\Java\m2\repository\org\springframework\spring-core\4.3.12.RELEASE\spring-core-4.3.12.RELEASE.jar;D:\Java\m2\repository\org\springframework\spring-test\4.3.12.RELEASE\spring-test-4.3.12.RELEASE.jar;D:\Java\m2\repository\mysql\mysql-connector-java\5.1.44\mysql-connector-java-5.1.44.jar;D:\Java\m2\repository\org\springframework\boot\spring-boot-starter-jdbc\1.5.8.RELEASE\spring-boot-starter-jdbc-1.5.8.RELEASE.jar;D:\Java\m2\repository\org\apache\tomcat\tomcat-jdbc\8.5.23\tomcat-jdbc-8.5.23.jar;D:\Java\m2\repository\org\apache\tomcat\tomcat-juli\8.5.23\tomcat-juli-8.5.23.jar;D:\Java\m2\repository\org\springframework\spring-jdbc\4.3.12.RELEASE\spring-jdbc-4.3.12.RELEASE.jar;D:\Java\m2\repository\org\springfr
[...]
2017-11-13 20:31:51.658  INFO 10636 --- [           main] utoConfigurationReportLoggingInitializer : 

Error starting ApplicationContext. To display the auto-configuration report re-run your application with 'debug' enabled.
2017-11-13 20:31:51.682 ERROR 10636 --- [           main] o.s.boot.SpringApplication               : Application startup failed

org.springframework.beans.factory.BeanCreationException: Error creating bean with name 'dataSource' defined in class path resource [org/springframework/boot/autoconfigure/jdbc/DataSourceConfiguration$Tomcat.class]: Bean instantiation via factory method failed; nested exception is org.springframework.beans.BeanInstantiationException: Failed to instantiate [org.apache.tomcat.jdbc.pool.DataSource]: Factory method 'dataSource' threw exception; nested exception is java.lang.IllegalStateException: Cannot load driver class: com.mysql.jdbc.Driver
	at org.springframework.beans.factory.support.ConstructorResolver.instantiateUsingFactoryMethod(ConstructorResolver.java:599) ~[spring-beans-4.3.12.RELEASE.jar:4.3.12.RELEASE]
	at org.springframework.beans.factory.support.AbstractAutowireCapableBeanFactory.instantiateUsingFactoryMethod(AbstractAutowireCapableBeanFactory.java:1173) ~[spring-beans-4.3.12.RELEASE.jar:4.3.12.RELEASE]
	at org.springframework.beans.factory.support.AbstractAutowireCapableBeanFactory.createBeanInstance(AbstractAutowireCapableBeanFactory.java:1067) ~[spring-beans-4.3.12.RELEASE.jar:4.3.12.RELEASE]
	at org.springframework.beans.factory.support.AbstractAutowireCapableBeanFactory.doCreateBean(AbstractAutowireCapableBeanFactory.java:513) ~[spring-beans-4.3.12.RELEASE.jar:4.3.12.RELEASE]
	at org.springframework.beans.factory.support.AbstractAutowireCapableBeanFactory.createBean(AbstractAutowireCapableBeanFactory.java:483) ~[spring-beans-4.3.12.RELEASE.jar:4.3.12.RELEASE]
	at org.springframework.beans.factory.support.AbstractBeanFactory$1.getObject(AbstractBeanFactory.java:306) ~[spring-beans-4.3.12.RELEASE.jar:4.3.12.RELEASE]
	at org.springframework.beans.factory.support.DefaultSingletonBeanRegistry.getSingleton(DefaultSingletonBeanRegistry.java:230) ~[spring-beans-4.3.12.RELEASE.jar:4.3.12.RELEASE]
	at org.springframework.beans.factory.support.AbstractBeanFactory.doGetBean(AbstractBeanFactory.java:302) ~[spring-beans-4.3.12.RELEASE.jar:4.3.12.RELEASE]
	at org.springframework.beans.factory.support.AbstractBeanFactory.getBean(AbstractBeanFactory.java:197) ~[spring-beans-4.3.12.RELEASE.jar:4.3.12.RELEASE]
	at org.springframework.beans.factory.support.DefaultListableBeanFactory.preInstantiateSingletons(DefaultListableBeanFactory.java:761) ~[spring-beans-4.3.12.RELEASE.jar:4.3.12.RELEASE]
	at org.springframework.context.support.AbstractApplicationContext.finishBeanFactoryInitialization(AbstractApplicationContext.java:867) ~[spring-context-4.3.12.RELEASE.jar:4.3.12.RELEASE]
	at org.springframework.context.support.AbstractApplicationContext.refresh(AbstractApplicationContext.java:543) ~[spring-context-4.3.12.RELEASE.jar:4.3.12.RELEASE]
	at org.springframework.boot.SpringApplication.refresh(SpringApplication.java:693) ~[spring-boot-1.5.8.RELEASE.jar:1.5.8.RELEASE]
	at org.springframework.boot.SpringApplication.refreshContext(SpringApplication.java:360) ~[spring-boot-1.5.8.RELEASE.jar:1.5.8.RELEASE]
	at org.springframework.boot.SpringApplication.run(SpringApplication.java:303) ~[spring-boot-1.5.8.RELEASE.jar:1.5.8.RELEASE]
	at org.springframework.boot.test.context.SpringBootContextLoader.loadContext(SpringBootContextLoader.java:120) [spring-boot-test-1.5.8.RELEASE.jar:1.5.8.RELEASE]
	at org.springframework.test.context.cache.DefaultCacheAwareContextLoaderDelegate.loadContextInternal(DefaultCacheAwareContextLoaderDelegate.java:98) [spring-test-4.3.12.RELEASE.jar:4.3.12.RELEASE]
	at org.springframework.test.context.cache.DefaultCacheAwareContextLoaderDelegate.loadContext(DefaultCacheAwareContextLoaderDelegate.java:116) [spring-test-4.3.12.RELEASE.jar:4.3.12.RELEASE]
	at org.springframework.test.context.support.DefaultTestContext.getApplicationContext(DefaultTestContext.java:83) [spring-test-4.3.12.RELEASE.jar:4.3.12.RELEASE]
	at org.springframework.test.context.web.ServletTestExecutionListener.setUpRequestContextIfNecessary(ServletTestExecutionListener.java:189) [spring-test-4.3.12.RELEASE.jar:4.3.12.RELEASE]
	at org.springframework.test.context.web.ServletTestExecutionListener.prepareTestInstance(ServletTestExecutionListener.java:131) [spring-test-4.3.12.RELEASE.jar:4.3.12.RELEASE]
	at org.springframework.test.context.TestContextManager.prepareTestInstance(TestContextManager.java:230) [spring-test-4.3.12.RELEASE.jar:4.3.12.RELEASE]
	at org.springframework.test.context.junit4.SpringJUnit4ClassRunner.createTest(SpringJUnit4ClassRunner.java:228) [spring-test-4.3.12.RELEASE.jar:4.3.12.RELEASE]
	at org.springframework.test.context.junit4.SpringJUnit4ClassRunner$1.runReflectiveCall(SpringJUnit4ClassRunner.java:287) [spring-test-4.3.12.RELEASE.jar:4.3.12.RELEASE]
	at org.junit.internal.runners.model.ReflectiveCallable.run(ReflectiveCallable.java:12) [junit-4.12.jar:4.12]
	at org.springframework.test.context.junit4.SpringJUnit4ClassRunner.methodBlock(SpringJUnit4ClassRunner.java:289) [spring-test-4.3.12.RELEASE.jar:4.3.12.RELEASE]
	at org.springframework.test.context.junit4.SpringJUnit4ClassRunner.runChild(SpringJUnit4ClassRunner.java:247) [spring-test-4.3.12.RELEASE.jar:4.3.12.RELEASE]
	at org.springframework.test.context.junit4.SpringJUnit4ClassRunner.runChild(SpringJUnit4ClassRunner.java:94) [spring-test-4.3.12.RELEASE.jar:4.3.12.RELEASE]
	at org.junit.runners.ParentRunner$3.run(ParentRunner.java:290) [junit-4.12.jar:4.12]
	at org.junit.runners.ParentRunner$1.schedule(ParentRunner.java:71) [junit-4.12.jar:4.12]
	at org.junit.runners.ParentRunner.runChildren(ParentRunner.java:288) [junit-4.12.jar:4.12]
	at org.junit.runners.ParentRunner.access$000(ParentRunner.java:58) [junit-4.12.jar:4.12]
	at org.junit.runners.ParentRunner$2.evaluate(ParentRunner.java:268) [junit-4.12.jar:4.12]
	at org.springframework.test.context.junit4.statements.RunBeforeTestClassCallbacks.evaluate(RunBeforeTestClassCallbacks.java:61) [spring-test-4.3.12.RELEASE.jar:4.3.12.RELEASE]
	at org.springframework.test.context.junit4.statements.RunAfterTestClassCallbacks.evaluate(RunAfterTestClassCallbacks.java:70) [spring-test-4.3.12.RELEASE.jar:4.3.12.RELEASE]
	at org.junit.runners.ParentRunner.run(ParentRunner.java:363) [junit-4.12.jar:4.12]
	at org.springframework.test.context.junit4.SpringJUnit4ClassRunner.run(SpringJUnit4ClassRunner.java:191) [spring-test-4.3.12.RELEASE.jar:4.3.12.RELEASE]
	at org.apache.maven.surefire.junit4.JUnit4Provider.execute(JUnit4Provider.java:283) [surefire-junit4-2.18.1.jar:2.18.1]
	at org.apache.maven.surefire.junit4.JUnit4Provider.executeWithRerun(JUnit4Provider.java:173) [surefire-junit4-2.18.1.jar:2.18.1]
	at org.apache.maven.surefire.junit4.JUnit4Provider.executeTestSet(JUnit4Provider.java:153) [surefire-junit4-2.18.1.jar:2.18.1]
	at org.apache.maven.surefire.junit4.JUnit4Provider.invoke(JUnit4Provider.java:128) [surefire-junit4-2.18.1.jar:2.18.1]
	at org.apache.maven.surefire.booter.ForkedBooter.invokeProviderInSameClassLoader(ForkedBooter.java:203) [surefire-booter-2.18.1.jar:2.18.1]
	at org.apache.maven.surefire.booter.ForkedBooter.runSuitesInProcess(ForkedBooter.java:155) [surefire-booter-2.18.1.jar:2.18.1]
	at org.apache.maven.surefire.booter.ForkedBooter.main(ForkedBooter.java:103) [surefire-booter-2.18.1.jar:2.18.1]
Caused by: org.springframework.beans.BeanInstantiationException: Failed to instantiate [org.apache.tomcat.jdbc.pool.DataSource]: Factory method 'dataSource' threw exception; nested exception is java.lang.IllegalStateException: Cannot load driver class: com.mysql.jdbc.Driver
	at org.springframework.beans.factory.support.SimpleInstantiationStrategy.instantiate(SimpleInstantiationStrategy.java:189) ~[spring-beans-4.3.12.RELEASE.jar:4.3.12.RELEASE]
	at org.springframework.beans.factory.support.ConstructorResolver.instantiateUsingFactoryMethod(ConstructorResolver.java:588) ~[spring-beans-4.3.12.RELEASE.jar:4.3.12.RELEASE]
	... 43 common frames omitted
Caused by: java.lang.IllegalStateException: Cannot load driver class: com.mysql.jdbc.Driver
	at org.springframework.util.Assert.state(Assert.java:70) ~[spring-core-4.3.12.RELEASE.jar:4.3.12.RELEASE]
	at org.springframework.boot.autoconfigure.jdbc.DataSourceProperties.determineDriverClassName(DataSourceProperties.java:232) ~[spring-boot-autoconfigure-1.5.8.RELEASE.jar:1.5.8.RELEASE]
	at org.springframework.boot.autoconfigure.jdbc.DataSourceProperties.initializeDataSourceBuilder(DataSourceProperties.java:184) ~[spring-boot-autoconfigure-1.5.8.RELEASE.jar:1.5.8.RELEASE]
	at org.springframework.boot.autoconfigure.jdbc.DataSourceConfiguration.createDataSource(DataSourceConfiguration.java:42) ~[spring-boot-autoconfigure-1.5.8.RELEASE.jar:1.5.8.RELEASE]
	at org.springframework.boot.autoconfigure.jdbc.DataSourceConfiguration$Tomcat.dataSource(DataSourceConfiguration.java:56) ~[spring-boot-autoconfigure-1.5.8.RELEASE.jar:1.5.8.RELEASE]
	at sun.reflect.NativeMethodAccessorImpl.invoke0(Native Method) ~[na:1.7.0_45]
	at sun.reflect.NativeMethodAccessorImpl.invoke(NativeMethodAccessorImpl.java:57) ~[na:1.7.0_45]
	at sun.reflect.DelegatingMethodAccessorImpl.invoke(DelegatingMethodAccessorImpl.java:43) ~[na:1.7.0_45]
	at java.lang.reflect.Method.invoke(Method.java:606) ~[na:1.7.0_45]
	at org.springframework.beans.factory.support.SimpleInstantiationStrategy.instantiate(SimpleInstantiationStrategy.java:162) ~[spring-beans-4.3.12.RELEASE.jar:4.3.12.RELEASE]
	... 44 common frames omitted

2017-11-13 20:31:51.692 ERROR 10636 --- [           main] o.s.test.context.TestContextManager      : Caught exception while allowing TestExecutionListener [org.springframework.test.context.web.ServletTestExecutionListener@619f9377] to prepare test instance [com.example.demo.MyBootApplicationTests@24b0d6c7]

java.lang.IllegalStateException: Failed to load ApplicationContext
	at org.springframework.test.context.cache.DefaultCacheAwareContextLoaderDelegate.loadContext(DefaultCacheAwareContextLoaderDelegate.java:124) ~[spring-test-4.3.12.RELEASE.jar:4.3.12.RELEASE]
	at org.springframework.test.context.support.DefaultTestContext.getApplicationContext(DefaultTestContext.java:83) ~[spring-test-4.3.12.RELEASE.jar:4.3.12.RELEASE]
	at org.springframework.test.context.web.ServletTestExecutionListener.setUpRequestContextIfNecessary(ServletTestExecutionListener.java:189) ~[spring-test-4.3.12.RELEASE.jar:4.3.12.RELEASE]
	at org.springframework.test.context.web.ServletTestExecutionListener.prepareTestInstance(ServletTestExecutionListener.java:131) ~[spring-test-4.3.12.RELEASE.jar:4.3.12.RELEASE]
	at org.springframework.test.context.TestContextManager.prepareTestInstance(TestContextManager.java:230) ~[spring-test-4.3.12.RELEASE.jar:4.3.12.RELEASE]
	at org.springframework.test.context.junit4.SpringJUnit4ClassRunner.createTest(SpringJUnit4ClassRunner.java:228) [spring-test-4.3.12.RELEASE.jar:4.3.12.RELEASE]
	at org.springframework.test.context.junit4.SpringJUnit4ClassRunner$1.runReflectiveCall(SpringJUnit4ClassRunner.java:287) [spring-test-4.3.12.RELEASE.jar:4.3.12.RELEASE]
	at org.junit.internal.runners.model.ReflectiveCallable.run(ReflectiveCallable.java:12) [junit-4.12.jar:4.12]
	at org.springframework.test.context.junit4.SpringJUnit4ClassRunner.methodBlock(SpringJUnit4ClassRunner.java:289) [spring-test-4.3.12.RELEASE.jar:4.3.12.RELEASE]
	at org.springframework.test.context.junit4.SpringJUnit4ClassRunner.runChild(SpringJUnit4ClassRunner.java:247) [spring-test-4.3.12.RELEASE.jar:4.3.12.RELEASE]
	at org.springframework.test.context.junit4.SpringJUnit4ClassRunner.runChild(SpringJUnit4ClassRunner.java:94) [spring-test-4.3.12.RELEASE.jar:4.3.12.RELEASE]
	at org.junit.runners.ParentRunner$3.run(ParentRunner.java:290) [junit-4.12.jar:4.12]
	at org.junit.runners.ParentRunner$1.schedule(ParentRunner.java:71) [junit-4.12.jar:4.12]
	at org.junit.runners.ParentRunner.runChildren(ParentRunner.java:288) [junit-4.12.jar:4.12]
	at org.junit.runners.ParentRunner.access$000(ParentRunner.java:58) [junit-4.12.jar:4.12]
	at org.junit.runners.ParentRunner$2.evaluate(ParentRunner.java:268) [junit-4.12.jar:4.12]
	at org.springframework.test.context.junit4.statements.RunBeforeTestClassCallbacks.evaluate(RunBeforeTestClassCallbacks.java:61) [spring-test-4.3.12.RELEASE.jar:4.3.12.RELEASE]
	at org.springframework.test.context.junit4.statements.RunAfterTestClassCallbacks.evaluate(RunAfterTestClassCallbacks.java:70) [spring-test-4.3.12.RELEASE.jar:4.3.12.RELEASE]
	at org.junit.runners.ParentRunner.run(ParentRunner.java:363) [junit-4.12.jar:4.12]
	at org.springframework.test.context.junit4.SpringJUnit4ClassRunner.run(SpringJUnit4ClassRunner.java:191) [spring-test-4.3.12.RELEASE.jar:4.3.12.RELEASE]
	at org.apache.maven.surefire.junit4.JUnit4Provider.execute(JUnit4Provider.java:283) [surefire-junit4-2.18.1.jar:2.18.1]
	at org.apache.maven.surefire.junit4.JUnit4Provider.executeWithRerun(JUnit4Provider.java:173) [surefire-junit4-2.18.1.jar:2.18.1]
	at org.apache.maven.surefire.junit4.JUnit4Provider.executeTestSet(JUnit4Provider.java:153) [surefire-junit4-2.18.1.jar:2.18.1]
	at org.apache.maven.surefire.junit4.JUnit4Provider.invoke(JUnit4Provider.java:128) [surefire-junit4-2.18.1.jar:2.18.1]
	at org.apache.maven.surefire.booter.ForkedBooter.invokeProviderInSameClassLoader(ForkedBooter.java:203) [surefire-booter-2.18.1.jar:2.18.1]
	at org.apache.maven.surefire.booter.ForkedBooter.runSuitesInProcess(ForkedBooter.java:155) [surefire-booter-2.18.1.jar:2.18.1]
	at org.apache.maven.surefire.booter.ForkedBooter.main(ForkedBooter.java:103) [surefire-booter-2.18.1.jar:2.18.1]
Caused by: org.springframework.beans.factory.BeanCreationException: Error creating bean with name 'dataSource' defined in class path resource [org/springframework/boot/autoconfigure/jdbc/DataSourceConfiguration$Tomcat.class]: Bean instantiation via factory method failed; nested exception is org.springframework.beans.BeanInstantiationException: Failed to instantiate [org.apache.tomcat.jdbc.pool.DataSource]: Factory method 'dataSource' threw exception; nested exception is java.lang.IllegalStateException: Cannot load driver class: com.mysql.jdbc.Driver
	at org.springframework.beans.factory.support.ConstructorResolver.instantiateUsingFactoryMethod(ConstructorResolver.java:599) ~[spring-beans-4.3.12.RELEASE.jar:4.3.12.RELEASE]
	at org.springframework.beans.factory.support.AbstractAutowireCapableBeanFactory.instantiateUsingFactoryMethod(AbstractAutowireCapableBeanFactory.java:1173) ~[spring-beans-4.3.12.RELEASE.jar:4.3.12.RELEASE]
	at org.springframework.beans.factory.support.AbstractAutowireCapableBeanFactory.createBeanInstance(AbstractAutowireCapableBeanFactory.java:1067) ~[spring-beans-4.3.12.RELEASE.jar:4.3.12.RELEASE]
	at org.springframework.beans.factory.support.AbstractAutowireCapableBeanFactory.doCreateBean(AbstractAutowireCapableBeanFactory.java:513) ~[spring-beans-4.3.12.RELEASE.jar:4.3.12.RELEASE]
	at org.springframework.beans.factory.support.AbstractAutowireCapableBeanFactory.createBean(AbstractAutowireCapableBeanFactory.java:483) ~[spring-beans-4.3.12.RELEASE.jar:4.3.12.RELEASE]
	at org.springframework.beans.factory.support.AbstractBeanFactory$1.getObject(AbstractBeanFactory.java:306) ~[spring-beans-4.3.12.RELEASE.jar:4.3.12.RELEASE]
	at org.springframework.beans.factory.support.DefaultSingletonBeanRegistry.getSingleton(DefaultSingletonBeanRegistry.java:230) ~[spring-beans-4.3.12.RELEASE.jar:4.3.12.RELEASE]
	at org.springframework.beans.factory.support.AbstractBeanFactory.doGetBean(AbstractBeanFactory.java:302) ~[spring-beans-4.3.12.RELEASE.jar:4.3.12.RELEASE]
	at org.springframework.beans.factory.support.AbstractBeanFactory.getBean(AbstractBeanFactory.java:197) ~[spring-beans-4.3.12.RELEASE.jar:4.3.12.RELEASE]
	at org.springframework.beans.factory.support.DefaultListableBeanFactory.preInstantiateSingletons(DefaultListableBeanFactory.java:761) ~[spring-beans-4.3.12.RELEASE.jar:4.3.12.RELEASE]
	at org.springframework.context.support.AbstractApplicationContext.finishBeanFactoryInitialization(AbstractApplicationContext.java:867) ~[spring-context-4.3.12.RELEASE.jar:4.3.12.RELEASE]
	at org.springframework.context.support.AbstractApplicationContext.refresh(AbstractApplicationContext.java:543) ~[spring-context-4.3.12.RELEASE.jar:4.3.12.RELEASE]
	at org.springframework.boot.SpringApplication.refresh(SpringApplication.java:693) ~[spring-boot-1.5.8.RELEASE.jar:1.5.8.RELEASE]
	at org.springframework.boot.SpringApplication.refreshContext(SpringApplication.java:360) ~[spring-boot-1.5.8.RELEASE.jar:1.5.8.RELEASE]
	at org.springframework.boot.SpringApplication.run(SpringApplication.java:303) ~[spring-boot-1.5.8.RELEASE.jar:1.5.8.RELEASE]
	at org.springframework.boot.test.context.SpringBootContextLoader.loadContext(SpringBootContextLoader.java:120) ~[spring-boot-test-1.5.8.RELEASE.jar:1.5.8.RELEASE]
	at org.springframework.test.context.cache.DefaultCacheAwareContextLoaderDelegate.loadContextInternal(DefaultCacheAwareContextLoaderDelegate.java:98) ~[spring-test-4.3.12.RELEASE.jar:4.3.12.RELEASE]
	at org.springframework.test.context.cache.DefaultCacheAwareContextLoaderDelegate.loadContext(DefaultCacheAwareContextLoaderDelegate.java:116) ~[spring-test-4.3.12.RELEASE.jar:4.3.12.RELEASE]
	... 26 common frames omitted
Caused by: org.springframework.beans.BeanInstantiationException: Failed to instantiate [org.apache.tomcat.jdbc.pool.DataSource]: Factory method 'dataSource' threw exception; nested exception is java.lang.IllegalStateException: Cannot load driver class: com.mysql.jdbc.Driver
	at org.springframework.beans.factory.support.SimpleInstantiationStrategy.instantiate(SimpleInstantiationStrategy.java:189) ~[spring-beans-4.3.12.RELEASE.jar:4.3.12.RELEASE]
	at org.springframework.beans.factory.support.ConstructorResolver.instantiateUsingFactoryMethod(ConstructorResolver.java:588) ~[spring-beans-4.3.12.RELEASE.jar:4.3.12.RELEASE]
	... 43 common frames omitted
Caused by: java.lang.IllegalStateException: Cannot load driver class: com.mysql.jdbc.Driver
	at org.springframework.util.Assert.state(Assert.java:70) ~[spring-core-4.3.12.RELEASE.jar:4.3.12.RELEASE]
	at org.springframework.boot.autoconfigure.jdbc.DataSourceProperties.determineDriverClassName(DataSourceProperties.java:232) ~[spring-boot-autoconfigure-1.5.8.RELEASE.jar:1.5.8.RELEASE]
	at org.springframework.boot.autoconfigure.jdbc.DataSourceProperties.initializeDataSourceBuilder(DataSourceProperties.java:184) ~[spring-boot-autoconfigure-1.5.8.RELEASE.jar:1.5.8.RELEASE]
	at org.springframework.boot.autoconfigure.jdbc.DataSourceConfiguration.createDataSource(DataSourceConfiguration.java:42) ~[spring-boot-autoconfigure-1.5.8.RELEASE.jar:1.5.8.RELEASE]
	at org.springframework.boot.autoconfigure.jdbc.DataSourceConfiguration$Tomcat.dataSource(DataSourceConfiguration.java:56) ~[spring-boot-autoconfigure-1.5.8.RELEASE.jar:1.5.8.RELEASE]
	at sun.reflect.NativeMethodAccessorImpl.invoke0(Native Method) ~[na:1.7.0_45]
	at sun.reflect.NativeMethodAccessorImpl.invoke(NativeMethodAccessorImpl.java:57) ~[na:1.7.0_45]
	at sun.reflect.DelegatingMethodAccessorImpl.invoke(DelegatingMethodAccessorImpl.java:43) ~[na:1.7.0_45]
	at java.lang.reflect.Method.invoke(Method.java:606) ~[na:1.7.0_45]
	at org.springframework.beans.factory.support.SimpleInstantiationStrategy.instantiate(SimpleInstantiationStrategy.java:162) ~[spring-beans-4.3.12.RELEASE.jar:4.3.12.RELEASE]
	... 44 common frames omitted

]]></system-out>
  </testcase>
</testsuite>